<?xml version="1.0" encoding="UTF-8"?>
<testng-results ignored="4" total="341" passed="294" failed="43" skipped="0">
  <reporter-output>
    <line>
      <![CDATA[Staring testcase workspace<br/>]]>
    </line>
    <line>
      <![CDATA[Starting testcase Select AddDevices<br/>]]>
    </line>
    <line>
      <![CDATA[Starting testcase AddDevicesSpecs<br/>]]>
    </line>
    <line>
      <![CDATA[Starting testcase Create Issue<br/>]]>
    </line>
    <line>
      <![CDATA[Starting testcase DeactivateCommbutton<br/>]]>
    </line>
    <line>
      <![CDATA[Starting testcase ActivateConnbutton<br/>]]>
    </line>
    <line>
      <![CDATA[Starting testcase ActivateAllCommbutton<br/>]]>
    </line>
    <line>
      <![CDATA[Starting Test case Apply Data quality<br/>]]>
    </line>
    <line>
      <![CDATA[Starting Test case Apply Data Validation Issues<br/>]]>
    </line>
    <line>
      <![CDATA[Starting Test case Apply My Workgroup Issues<br/>]]>
    </line>
    <line>
      <![CDATA[Starting Test case Apply my open issue<br/>]]>
    </line>
    <line>
      <![CDATA[Starting Test case Apply Processes<br/>]]>
    </line>
    <line>
      <![CDATA[Starting Change Communication Task per page test case<br/>]]>
    </line>
    <line>
      <![CDATA[Starting Select Communication Task test case<br/>]]>
    </line>
    <line>
      <![CDATA[Starting Create Communication Task test case<br/>]]>
    </line>
    <line>
      <![CDATA[Starting Test case AddDevice<br/>]]>
    </line>
    <line>
      <![CDATA[Starting Create Commom Categories test case<br/>]]>
    </line>
    <line>
      <![CDATA[Starting Test case Enter Device Details<br/>]]>
    </line>
    <line>
      <![CDATA[Starting Check Activity Calender Common Categories<br/>]]>
    </line>
    <line>
      <![CDATA[Starting testcase Verify Overview Page<br/>]]>
    </line>
    <line>
      <![CDATA[Starting testcase Verify Device attributes Page<br/>]]>
    </line>
    <line>
      <![CDATA[ Starting testcase Verify Device Attributes Name modification<br/>]]>
    </line>
    <line>
      <![CDATA[Starting testcase Verify Device Attributes End device E meter info - maxRating<br/>]]>
    </line>
    <line>
      <![CDATA[Starting testcase : Verify DataSource LoadService Page<br/>]]>
    </line>
    <line>
      <![CDATA[ Starting testcase Verify ViewSuspect in load Profile Page<br/>]]>
    </line>
    <line>
      <![CDATA[Starting testcase Verifying Channels  Page<br/>]]>
    </line>
    <line>
      <![CDATA[ Starting testcase Verify Channels Fractions modification and Saving <br/>]]>
    </line>
    <line>
      <![CDATA[Starting testcase Verify Logbooks  Page<br/>]]>
    </line>
    <line>
      <![CDATA[ Starting testcase Verify Events  Page<br/>]]>
    </line>
    <line>
      <![CDATA[ Starting testcase Verifying  Registers  Page<br/>]]>
    </line>
    <line>
      <![CDATA[Starting testcase Verify Validation Configuartion in Reading Quality Page<br/>]]>
    </line>
    <line>
      <![CDATA[Starting testcase Load Create Issue data<br/>]]>
    </line>
    <line>
      <![CDATA[Starting testcase Verify ValidationConfiguartion Deactivation and active actions<br/>]]>
    </line>
    <line>
      <![CDATA[Starting testcase Verify General Atrributes in Communication Page<br/>]]>
    </line>
    <line>
      <![CDATA[Starting testcase Verify Change Manufacture actions<br/>]]>
    </line>
    <line>
      <![CDATA[Starting testcase Verify Communication planning in Communication Page<br/>]]>
    </line>
    <line>
      <![CDATA[Starting testcase Verify add Scheduled Communication Schedule actions<br/>]]>
    </line>
    <line>
      <![CDATA[Starting testcase Verify Remove Scheduled Communication Schedule actions<br/>]]>
    </line>
    <line>
      <![CDATA[Starting testcase Verify Communication task in Communication Page<br/>]]>
    </line>
    <line>
      <![CDATA[Starting testcase Verify Communication methods in Communication Page<br/>]]>
    </line>
    <line>
      <![CDATA[Starting testcase Verify Deactivate Connection in Communication methods Page<br/>]]>
    </line>
    <line>
      <![CDATA[Starting testcase Verify Activating  Connection in Communication methods Page<br/>]]>
    </line>
    <line>
      <![CDATA[Starting testcase Verify History in Communication methods Page<br/>]]>
    </line>
    <line>
      <![CDATA[Starting testcase Verify Security sets Page<br/>]]>
    </line>
    <line>
      <![CDATA[Starting Test case Load profile type<br/>]]>
    </line>
    <line>
      <![CDATA[Starting testcase Verify Security accessors Page<br/>]]>
    </line>
    <line>
      <![CDATA[Starting Test case Add Load profile type<br/>]]>
    </line>
    <line>
      <![CDATA[Starting testcase Verify Protocol dialects Page<br/>]]>
    </line>
    <line>
      <![CDATA[Starting Test case Edit Load profile type<br/>]]>
    </line>
    <line>
      <![CDATA[Starting testcase Verify changing retries to 3 in Protocol Dialects Page<br/>]]>
    </line>
    <line>
      <![CDATA[Starting testcase Verify Commands Page<br/>]]>
    </line>
    <line>
      <![CDATA[Starting Test case Remove Load profile type<br/>]]>
    </line>
    <line>
      <![CDATA[Starting testcase Verify Add Commands and Trigger in Commands Page<br/>]]>
    </line>
    <line>
      <![CDATA[Starting testcase Verify Revoke Commands in Commands Page<br/>]]>
    </line>
    <line>
      <![CDATA[Starting testcase Verify Commands Page<br/>]]>
    </line>
    <line>
      <![CDATA[Starting testcase Verify Time of Use Page<br/>]]>
    </line>
    <line>
      <![CDATA[Starting testcase Verify Send calender in Time of use Page<br/>]]>
    </line>
    <line>
      <![CDATA[Starting testcase Verify Change Time in Time of use Page<br/>]]>
    </line>
    <line>
      <![CDATA[Starting Testcase Register Type<br/>]]>
    </line>
    <line>
      <![CDATA[Starting Test case Register gropus<br/>]]>
    </line>
    <line>
      <![CDATA[Starting Testcase Add Register Type<br/>]]>
    </line>
    <line>
      <![CDATA[Starting Testcase Add Register Type name<br/>]]>
    </line>
    <line>
      <![CDATA[Starting Test case Add Register gropus<br/>]]>
    </line>
    <line>
      <![CDATA[Starting Test case Click Add Register gropus<br/>]]>
    </line>
    <line>
      <![CDATA[Starting Testcase Edit Register Type name<br/>]]>
    </line>
    <line>
      <![CDATA[Starting Test case Edit Register gropus<br/>]]>
    </line>
    <line>
      <![CDATA[Starting Testcase Remove Register Type name<br/>]]>
    </line>
    <line>
      <![CDATA[Starting Test case Remove Register gropus<br/>]]>
    </line>
    <line>
      <![CDATA[Starting Testcase Roles Test <br/>]]>
    </line>
    <line>
      <![CDATA[Starting Testcase Add Roles Test <br/>]]>
    </line>
    <line>
      <![CDATA[Starting Testcase Click Role Name <br/>]]>
    </line>
    <line>
      <![CDATA[Starting testcase User Directories<br/>]]>
    </line>
    <line>
      <![CDATA[Starting Testcase Edit Role Name <br/>]]>
    </line>
    <line>
      <![CDATA[Starting testcase Click Add User Directories<br/>]]>
    </line>
    <line>
      <![CDATA[Starting testcase Add User Directories<br/>]]>
    </line>
    <line>
      <![CDATA[Starting testcase Add Remove user Directory<br/>]]>
    </line>
    <line>
      <![CDATA[Starting Testcase Remove Role Name <br/>]]>
    </line>
    <line>
      <![CDATA[Executing test case User Directory test<br/>]]>
    </line>
    <line>
      <![CDATA[Executing test case Edit User<br/>]]>
    </line>
    <line>
      <![CDATA[Executing testcase activate user<br/>]]>
    </line>
    <line>
      <![CDATA[Starting Testcase Creation of Validation Tasks<br/>]]>
    </line>
    <line>
      <![CDATA[Starting Testcase Create Validation Tasks<br/>]]>
    </line>
    <line>
      <![CDATA[Starting Test case  Add Validation Task<br/>]]>
    </line>
    <line>
      <![CDATA[Starting Testcase Edit Validation Tasks<br/>]]>
    </line>
    <line>
      <![CDATA[Executing testcase Deactivate user<br/>]]>
    </line>
    <line>
      <![CDATA[Starting Testcase View History Validation Tasks<br/>]]>
    </line>
    <line>
      <![CDATA[Starting Testcase Remove Validation Tasks<br/>]]>
    </line>
    <line>
      <![CDATA[Starting Test case Web Services Issues<br/>]]>
    </line>
    <line>
      <![CDATA[Staring testcase workspace Data Exchange<br/>]]>
    </line>
    <line>
      <![CDATA[Starting Test case Web Services end point history<br/>]]>
    </line>
    <line>
      <![CDATA[Staring testcase workspace Data Exchange ImportHistoryLink<br/>]]>
    </line>
    <line>
      <![CDATA[Starting testcase Verify Data Exchange Import History  page<br/>]]>
    </line>
    <line>
      <![CDATA[Executing Calenders testcase<br/>]]>
    </line>
    <line>
      <![CDATA[Staring testcase workspace Lifecycle Issues<br/>]]>
    </line>
    <line>
      <![CDATA[Starting Test case Click Estimation RuleSet Set<br/>]]>
    </line>
    <line>
      <![CDATA[Starting Test case Create Estimation RuleSet Set<br/>]]>
    </line>
    <line>
      <![CDATA[Starting Test case Edit Estimation RuleSet Set<br/>]]>
    </line>
    <line>
      <![CDATA[Starting Testcase Click Device Life Cycle<br/>]]>
    </line>
    <line>
      <![CDATA[DeviceLifecycle<br/>]]>
    </line>
    <line>
      <![CDATA[Activate Estimation Rule Set<br/>]]>
    </line>
    <line>
      <![CDATA[Starting Testcase Click Add Device Life Cycle<br/>]]>
    </line>
    <line>
      <![CDATA[Deactivate Estimation Rule Set<br/>]]>
    </line>
    <line>
      <![CDATA[Starting Testcase Create Device Life Cycle<br/>]]>
    </line>
    <line>
      <![CDATA[Edit Estimation Rule Set<br/>]]>
    </line>
    <line>
      <![CDATA[Starting Testcase Click on Add Transitions<br/>]]>
    </line>
    <line>
      <![CDATA[Starting Testcase Remove Device Life cycle<br/>]]>
    </line>
    <line>
      <![CDATA[Remove Estimation Rule Set<br/>]]>
    </line>
    <line>
      <![CDATA[Starting testcase Click DeviceType<br/>]]>
    </line>
    <line>
      <![CDATA[Starting testcase Click and Add DeviceType button<br/>]]>
    </line>
    <line>
      <![CDATA[Starting testcase Add DeviceType<br/>]]>
    </line>
    <line>
      <![CDATA[Dashboard - Click Issue dropdown<br/>]]>
    </line>
    <line>
      <![CDATA[Dashboard - Click device group filter<br/>]]>
    </line>
    <line>
      <![CDATA[Dashboard - clicksuccessfulactiveconnections<br/>]]>
    </line>
    <line>
      <![CDATA[Dashboard - clickongoingactiveconnections<br/>]]>
    </line>
    <line>
      <![CDATA[Dashboard - clickfailedactiveconnections<br/>]]>
    </line>
    <line>
      <![CDATA[Dashboard - clickviewconnections<br/>]]>
    </line>
    <line>
      <![CDATA[Starting testcase Add DeviceType Configuration<br/>]]>
    </line>
    <line>
      <![CDATA[Dashboard - clicksuccessfulactivecommunications<br/>]]>
    </line>
    <line>
      <![CDATA[Starting testcase Remove DeviceType Configuration<br/>]]>
    </line>
    <line>
      <![CDATA[Dashboard - clickongoingactivecommunicactions<br/>]]>
    </line>
    <line>
      <![CDATA[Dashboard - clickfailedcommunicactions<br/>]]>
    </line>
    <line>
      <![CDATA[Dashboard - clickviewcommunicactions<br/>]]>
    </line>
    <line>
      <![CDATA[Dashboard - clickmanagecommunicactionserver<br/>]]>
    </line>
    <line>
      <![CDATA[Starting testcase Verify Navigation to Issue Overview page<br/>]]>
    </line>
    <line>
      <![CDATA[Staring testcase workspace Issues Seacrh<br/>]]>
    </line>
    <line>
      <![CDATA[Starting testcase : click on search field<br/>]]>
    </line>
    <line>
      <![CDATA[Starting testcase Verify Purge Setting page<br/>]]>
    </line>
    <line>
      <![CDATA[Starting testcase Verify Purge Setting page<br/>]]>
    </line>
    <line>
      <![CDATA[Starting Testcase Click Workgroup<br/>]]>
    </line>
    <line>
      <![CDATA[Starting Testcase Click Add Workgroup<br/>]]>
    </line>
    <line>
      <![CDATA[Starting Testcase Add Workgroup<br/>]]>
    </line>
    <line>
      <![CDATA[Starting Testcase Remove Workgroup<br/>]]>
    </line>
    <line>
      <![CDATA[Starting testcase : Select all device types and select electricity devices and click on search<br/>]]>
    </line>
    <line>
      <![CDATA[Starting testcase Verify Workspace Service call page<br/>]]>
    </line>
    <line>
      <![CDATA[Starting testcase : Select 1000 and Click count from the search results per page<br/>]]>
    </line>
    <line>
      <![CDATA[Starting testcase : Click on columns and select two more options from drop down and click on Done<br/>]]>
    </line>
    <line>
      <![CDATA[Starting testcase Click on BulkAction<br/>]]>
    </line>
    <line>
      <![CDATA[Staring testcase workspace my open Issues<br/>]]>
    </line>
    <line>
      <![CDATA[Starting testcase Select communication schedule<br/>]]>
    </line>
    <line>
      <![CDATA[Starting testcase Click on Remove old shared communication schedule<br/>]]>
    </line>
    <line>
      <![CDATA[Starting testcase Add Criteria<br/>]]>
    </line>
    <line>
      <![CDATA[Starting testcase Perform Bulk Action<br/>]]>
    </line>
    <line>
      <![CDATA[Starting testcase Click Create Issue<br/>]]>
    </line>
    <line>
      <![CDATA[Starting testcase Fill Issue Form And Confirm<br/>]]>
    </line>
    <line>
      <![CDATA[Starting testcase Verify navigation to command workspace<br/>]]>
    </line>
    <line>
      <![CDATA[ Starting testcase  Verify add commands in command workspace<br/>]]>
    </line>
    <line>
      <![CDATA[ Starting testcase  Select Device group<br/>]]>
    </line>
    <line>
      <![CDATA[ Starting testcase to Verify add commands in command workspace<br/>]]>
    </line>
    <line>
      <![CDATA[Starting testcase Click Confirm And Finish<br/>]]>
    </line>
    <line>
      <![CDATA[Starting Test case Click Estimate Task<br/>]]>
    </line>
    <line>
      <![CDATA[Starting Test case Add Estimate Task<br/>]]>
    </line>
    <line>
      <![CDATA[Starting Test case Create Estimate Task<br/>]]>
    </line>
    <line>
      <![CDATA[Starting testcase Verify navigation to communication workspace<br/>]]>
    </line>
    <line>
      <![CDATA[ Starting testcase Verify status dropdown in communication workspace<br/>]]>
    </line>
    <line>
      <![CDATA[Starting Test case Edit Estimate Task<br/>]]>
    </line>
    <line>
      <![CDATA[ Starting testcase  Verify bulk action in communication workspace<br/>]]>
    </line>
    <line>
      <![CDATA[Starting Test case Remove Estimate Task<br/>]]>
    </line>
    <line>
      <![CDATA[Starting Test case Click on Connection<br/>]]>
    </line>
    <line>
      <![CDATA[Starting Test case Click on Status Dropdown<br/>]]>
    </line>
    <line>
      <![CDATA[Starting testcase Data Collection KPI verify And Change Per Page<br/>]]>
    </line>
    <line>
      <![CDATA[Starting testcase Adding Data collection KPI<br/>]]>
    </line>
    <line>
      <![CDATA[Starting testcase Adding Data collection KPI<br/>]]>
    </line>
    <line>
      <![CDATA[Starting Test case Click on Bulk Button<br/>]]>
    </line>
    <line>
      <![CDATA[Starting testcase Remove Datacollection KPI<br/>]]>
    </line>
    <line>
      <![CDATA[Executing testcase Custom Attribues Test<br/>]]>
    </line>
    <line>
      <![CDATA[Starting testcase Registered devices KPIs <br/>]]>
    </line>
    <line>
      <![CDATA[Starting testcase Adding Registered devices KPI<br/>]]>
    </line>
    <line>
      <![CDATA[Starting testcase Removing Data Quality KPI<br/>]]>
    </line>
    <line>
      <![CDATA[Starting testcase to select device groups<br/>]]>
    </line>
    <line>
      <![CDATA[Starting testcase Navigating to firmware campaign page<br/>]]>
    </line>
    <line>
      <![CDATA[Starting testcase Export History click<br/>]]>
    </line>
    <line>
      <![CDATA[Starting testcase Export History Check<br/>]]>
    </line>
    <line>
      <![CDATA[Starting testcase Add  firmware campaign <br/>]]>
    </line>
    <line>
      <![CDATA[Starting testcase Add  firmware campaign value <br/>]]>
    </line>
    <line>
      <![CDATA[Starting testcase edit  firmware campaign value <br/>]]>
    </line>
    <line>
      <![CDATA[Starting testcase Export Tasks addition<br/>]]>
    </line>
    <line>
      <![CDATA[Starting testcase Export Tasks addition<br/>]]>
    </line>
    <line>
      <![CDATA[Starting testcase cancel  firmware campaign value <br/>]]>
    </line>
    <line>
      <![CDATA[Starting testcase Export File upload click<br/>]]>
    </line>
    <line>
      <![CDATA[Starting testcase Export File upload<br/>]]>
    </line>
    <line>
      <![CDATA[Starting Testcase Issue Creation<br/>]]>
    </line>
    <line>
      <![CDATA[Starting Testcase Add Issue<br/>]]>
    </line>
    <line>
      <![CDATA[Starting Testcase Add Creation Rule<br/>]]>
    </line>
    <line>
      <![CDATA[Starting Testcase Edit Issue<br/>]]>
    </line>
    <line>
      <![CDATA[Starting Testcase Remove Issue<br/>]]>
    </line>
    <line>
      <![CDATA[Starting Test case log book types<br/>]]>
    </line>
    <line>
      <![CDATA[Starting Test case Click log book types button<br/>]]>
    </line>
    <line>
      <![CDATA[Starting Test case Add log book types button<br/>]]>
    </line>
    <line>
      <![CDATA[Starting Test case Edit log book types button<br/>]]>
    </line>
    <line>
      <![CDATA[Starting testcase In stock and Save Process<br/>]]>
    </line>
    <line>
      <![CDATA[Starting testcase DeActivate Process<br/>]]>
    </line>
    <line>
      <![CDATA[Starting Test case Remove log book types button<br/>]]>
    </line>
    <line>
      <![CDATA[Starting testcase Data Collection Issues verify And Change Per Page<br/>]]>
    </line>
    <line>
      <![CDATA[Starting Test case Change Task Management<br/>]]>
    </line>
    <line>
      <![CDATA[Starting Test case Create Task Management<br/>]]>
    </line>
    <line>
      <![CDATA[Starting Test case Run Task Management<br/>]]>
    </line>
    <line>
      <![CDATA[Starting testcase Data Collection Issues Click On Bluk Action<br/>]]>
    </line>
    <line>
      <![CDATA[Starting Test case Change Drop Down Page of Task Management<br/>]]>
    </line>
    <line>
      <![CDATA[Starting Test case Suspend Task Management<br/>]]>
    </line>
    <line>
      <![CDATA[Starting testcase Data Collection Issues Bluk Action Steps<br/>]]>
    </line>
    <line>
      <![CDATA[Starting testcase Data Collection Issues Confirmand Finish Bluk Action<br/>]]>
    </line>
    <line>
      <![CDATA[Starting Test case zones<br/>]]>
    </line>
    <line>
      <![CDATA[Starting Test case Edit zones<br/>]]>
    </line>
    <line>
      <![CDATA[Starting Test case Edit zones<br/>]]>
    </line>
    <line>
      <![CDATA[Starting Test case Remove zones<br/>]]>
    </line>
    <line>
      <![CDATA[Starting testcase Data Quality KPISverify And Change Per Page<br/>]]>
    </line>
    <line>
      <![CDATA[Starting testcase Creating Data Quality KPIs<br/>]]>
    </line>
    <line>
      <![CDATA[Starting testcase Removing Data Quality KPI<br/>]]>
    </line>
    <line>
      <![CDATA[Starting testcase Verify and Select Command Limitation Rule<br/>]]>
    </line>
    <line>
      <![CDATA[Starting testcase Verify and Select Command Limitation Rule<br/>]]>
    </line>
    <line>
      <![CDATA[Starting testcase Create Add Command Limitation Rule<br/>]]>
    </line>
    <line>
      <![CDATA[Starting testcase Activate Command Limitation Rule<br/>]]>
    </line>
    <line>
      <![CDATA[Starting testcase Select Communication port pools<br/>]]>
    </line>
    <line>
      <![CDATA[Starting testcase Create Communication Port Pools<br/>]]>
    </line>
    <line>
      <![CDATA[Starting testcase Edit Command Limitation Rule<br/>]]>
    </line>
    <line>
      <![CDATA[Starting testcase change per page Communication PortPools<br/>]]>
    </line>
    <line>
      <![CDATA[Starting testcase Change Daily Limit Command Limitation Rule<br/>]]>
    </line>
    <line>
      <![CDATA[Starting testcase Activate Communication Port Pools<br/>]]>
    </line>
    <line>
      <![CDATA[Starting testcase viewPendingChanges Command Limitation Rule<br/>]]>
    </line>
    <line>
      <![CDATA[Starting testcase Deactivateg the Instances of Communication Port Pools<br/>]]>
    </line>
    <line>
      <![CDATA[Starting testcase Remove Command Limitation Rule<br/>]]>
    </line>
    <line>
      <![CDATA[Removing the Instances of Communication Port Pools<br/>]]>
    </line>
    <line>
      <![CDATA[Starting Communication protocols<br/>]]>
    </line>
    <line>
      <![CDATA[Starting creation of Communication Servers<br/>]]>
    </line>
    <line>
      <![CDATA[Create Online Communication Server<br/>]]>
    </line>
    <line>
      <![CDATA[Starting Communication protocols<br/>]]>
    </line>
    <line>
      <![CDATA[Activate Online Communication Servers<br/>]]>
    </line>
    <line>
      <![CDATA[Edit Online Communication Servers<br/>]]>
    </line>
    <line>
      <![CDATA[Editing Communication protocols<br/>]]>
    </line>
    <line>
      <![CDATA[Deactivating Online Communication Servers<br/>]]>
    </line>
    <line>
      <![CDATA[Removing Online Communication Servers<br/>]]>
    </line>
    <line>
      <![CDATA[Starting Instances of Import History<br/>]]>
    </line>
    <line>
      <![CDATA[starting test case-Verify And Select Communication Task<br/>]]>
    </line>
    <line>
      <![CDATA[starting test case-Creating TOU Communication Task<br/>]]>
    </line>
    <line>
      <![CDATA[Starting test case Applying Import History<br/>]]>
    </line>
    <line>
      <![CDATA[starting test case-Created TOU Actions<br/>]]>
    </line>
    <line>
      <![CDATA[starting test case-TOU Created Common Categories<br/>]]>
    </line>
    <line>
      <![CDATA[starting test case-TOU Check Activity Calender Common Categories<br/>]]>
    </line>
    <line>
      <![CDATA[starting test case-Verify and Select Privllage Level<br/>]]>
    </line>
    <line>
      <![CDATA[starting test case-Clicking Device Type<br/>]]>
    </line>
    <line>
      <![CDATA[Starting tescase Select Import services<br/>]]>
    </line>
    <line>
      <![CDATA[Starting testcase Create Import Services<br/>]]>
    </line>
    <line>
      <![CDATA[Starting testcase Activate Import services<br/>]]>
    </line>
    <line>
      <![CDATA[Staring testcase Remove Import services<br/>]]>
    </line>
    <line>
      <![CDATA[starting test case-Device type Select<br/>]]>
    </line>
    <line>
      <![CDATA[starting test case-Consumer Select <br/>]]>
    </line>
    <line>
      <![CDATA[starting test case-Adding Communication Task Configuration<br/>]]>
    </line>
    <line>
      <![CDATA[starting test case-Adding TOU Calender Communication Task Configuration<br/>]]>
    </line>
    <line>
      <![CDATA[starting test case-Adding Device Group<br/>]]>
    </line>
    <line>
      <![CDATA[Starting testcase Verify and Select Message queues<br/>]]>
    </line>
    <line>
      <![CDATA[Starting testcase Create Message queues<br/>]]>
    </line>
    <line>
      <![CDATA[Starting testcase Monitor Message queues<br/>]]>
    </line>
    <line>
      <![CDATA[Starting testcase Clear ErrorMessage Queue<br/>]]>
    </line>
    <line>
      <![CDATA[Starting testcase Remove Message queues<br/>]]>
    </line>
    <line>
      <![CDATA[Executing testcase verify And SelectMessageQueues<br/>]]>
    </line>
    <line>
      <![CDATA[Verify Create Application Servers<br/>]]>
    </line>
    <line>
      <![CDATA[Verify Activate Application Servers<br/>]]>
    </line>
    <line>
      <![CDATA[Adding TOU Calender Campaign workspace<br/>]]>
    </line>
    <line>
      <![CDATA[Verify Deactivate Application Servers<br/>]]>
    </line>
    <line>
      <![CDATA[Verify Save Application Servers<br/>]]>
    </line>
    <line>
      <![CDATA[Verify remove Application Servers<br/>]]>
    </line>
    <line>
      <![CDATA[starting test case-Add TOU calender Campaign<br/>]]>
    </line>
    <line>
      <![CDATA[starting test case-Creating TOU Calender Campaign workspace<br/>]]>
    </line>
    <line>
      <![CDATA[Starting test case-Editing Campaign workspace<br/>]]>
    </line>
    <line>
      <![CDATA[Starting testcase select Mobile Communication Servers<br/>]]>
    </line>
    <line>
      <![CDATA[Starting test case- Cancel Campaign workspace<br/>]]>
    </line>
    <line>
      <![CDATA[Starting testcase Create Mobile Communication Servers<br/>]]>
    </line>
    <line>
      <![CDATA[Starting testcase Activate Mobile Communication Servers<br/>]]>
    </line>
    <line>
      <![CDATA[Starting test case-Device Link Clicking<br/>]]>
    </line>
    <line>
      <![CDATA[Starting testcase Edit Mobile Communication Servers<br/>]]>
    </line>
    <line>
      <![CDATA[Starting testcase Deactivate Mobile Communication Servers<br/>]]>
    </line>
    <line>
      <![CDATA[Starting testcase Remove Mobile Communication Servers<br/>]]>
    </line>
    <line>
      <![CDATA[Starting Test case Select Security Accessors<br/>]]>
    </line>
    <line>
      <![CDATA[Starting Test case Create Security Accessors<br/>]]>
    </line>
    <line>
      <![CDATA[Starting Test case Select Shared Communication Schedule<br/>]]>
    </line>
    <line>
      <![CDATA[Starting Test case Create Shared Communication Schedule<br/>]]>
    </line>
    <line>
      <![CDATA[Starting Test case Changing privilege Security Accessors<br/>]]>
    </line>
    <line>
      <![CDATA[Starting Test case Verify Shared Communication Schedule<br/>]]>
    </line>
    <line>
      <![CDATA[Starting Test case Edit Security Accessors<br/>]]>
    </line>
    <line>
      <![CDATA[Starting Test case Remove Security Accessors<br/>]]>
    </line>
    <line>
      <![CDATA[Starting Test case Clone Shared Communication Schedule<br/>]]>
    </line>
    <line>
      <![CDATA[Starting Test case Adding Clone Shared Communication Schedule<br/>]]>
    </line>
    <line>
      <![CDATA[Starting Test case Remove Clone Shared Communication Schedule<br/>]]>
    </line>
    <line>
      <![CDATA[Starting Test case Remove Shared Communication Schedule<br/>]]>
    </line>
    <line>
      <![CDATA[Starting Select Task overview<br/>]]>
    </line>
    <line>
      <![CDATA[Starting Task Overview testcase<br/>]]>
    </line>
    <line>
      <![CDATA[Starting execution of Instances of Web service endpoints<br/>]]>
    </line>
    <line>
      <![CDATA[Starting execution of create Web service endpoints<br/>]]>
    </line>
    <line>
      <![CDATA[Starting testcase Verify navigation to Alarm creation rules<br/>]]>
    </line>
    <line>
      <![CDATA[Starting execution of Activating Instances of Web service endpoints<br/>]]>
    </line>
    <line>
      <![CDATA[Starting the testcase Deactivate & Removing Instances of Web service endpoints<br/>]]>
    </line>
    <line>
      <![CDATA[Starting testcase Adding Alarm rules<br/>]]>
    </line>
    <line>
      <![CDATA[Starting testcase Verifying the Alarm rule creation<br/>]]>
    </line>
    <line>
      <![CDATA[Starting testcase Verifying the Alarm rule activation<br/>]]>
    </line>
    <line>
      <![CDATA[Staring testcase Verifying the Alarm rule deactivation<br/>]]>
    </line>
    <line>
      <![CDATA[Starting testcase Verify Navigation to Workspace Alarms page<br/>]]>
    </line>
    <line>
      <![CDATA[Starting test case select Alarm Filter And Apply<br/>]]>
    </line>
    <line>
      <![CDATA[Starting testcase Verifying the Alarm rule Removal<br/>]]>
    </line>
    <line>
      <![CDATA[Verify Generate keys<br/>]]>
    </line>
    <line>
      <![CDATA[Download Generated Keypair<br/>]]>
    </line>
    <line>
      <![CDATA[Remove Generated Keypair<br/>]]>
    </line>
    <line>
      <![CDATA[Starting testcase verify Navigation To ServiceCall Type Page<br/>]]>
    </line>
    <line>
      <![CDATA[Verify Navigation to Certifications page<br/>]]>
    </line>
    <line>
      <![CDATA[Verify Add Certificate<br/>]]>
    </line>
    <line>
      <![CDATA[Verify Revoke Certificate<br/>]]>
    </line>
    <line>
      <![CDATA[Starting testcase select service Type call<br/>]]>
    </line>
    <line>
      <![CDATA[Starting testcase Verify Reading type sets <br/>]]>
    </line>
    <line>
      <![CDATA[Starting Testcase Add Reading type set input <br/>]]>
    </line>
    <line>
      <![CDATA[Starting testcase Verify  Relative Period  text page<br/>]]>
    </line>
    <line>
      <![CDATA[Starting testcase Verify  Add Relative Period Form Fill page<br/>]]>
    </line>
    <line>
      <![CDATA[Starting testcase Verify  Edit Relative Period Form page <br/>]]>
    </line>
    <line>
      <![CDATA[Starting Test case  Validation rule Set<br/>]]>
    </line>
    <line>
      <![CDATA[Starting Test case  Create Validation rule Set<br/>]]>
    </line>
    <line>
      <![CDATA[Starting Test case  Create Validation rule Set<br/>]]>
    </line>
    <line>
      <![CDATA[Starting Test case  Create Validation rule Set version<br/>]]>
    </line>
    <line>
      <![CDATA[Starting Test case  Edit Validation rule Set version<br/>]]>
    </line>
    <line>
      <![CDATA[Starting Test case  Edit Validation rule Set version<br/>]]>
    </line>
    <line>
      <![CDATA[Starting Test case  Save Validation rule Set version<br/>]]>
    </line>
    <line>
      <![CDATA[Starting Test case  Remove Validation rule Set version<br/>]]>
    </line>
  </reporter-output>
  <suite started-at="2022-05-11T21:40:53 IST" name="Connexo_SmokeTest_Automation_Suite" finished-at="2022-05-11T23:19:27 IST" duration-ms="5913293">
    <groups>
    </groups>
    <test started-at="2022-05-11T21:40:53 IST" name="Connexo_SmokeTest_Automation_Suite chrome" finished-at="2022-05-11T23:19:27 IST" duration-ms="5913293">
      <class name="com.Workspace.testcases.WebservicesTest">
        <test-method is-config="true" signature="initialization(java.lang.String)[pri:0, instance:com.Workspace.testcases.WebservicesTest@67427b69]" started-at="2022-05-11T22:03:32 IST" name="initialization" finished-at="2022-05-11T22:03:45 IST" duration-ms="12735" status="PASS">
          <params>
            <param index="0">
              <value>
                <![CDATA[chrome]]>
              </value>
            </param>
          </params>
          <reporter-output>
          </reporter-output>
        </test-method> <!-- initialization -->
        <test-method signature="Webservicesissues()[pri:1, instance:com.Workspace.testcases.WebservicesTest@67427b69]" started-at="2022-05-11T22:03:45 IST" name="Webservicesissues" description=" click on Web services issue" finished-at="2022-05-11T22:05:49 IST" duration-ms="124149" status="PASS">
          <reporter-output>
            <line>
              <![CDATA[Starting Test case Web Services Issues<br/>]]>
            </line>
          </reporter-output>
        </test-method> <!-- Webservicesissues -->
        <test-method signature="webserviceendpointhistory()[pri:2, instance:com.Workspace.testcases.WebservicesTest@67427b69]" started-at="2022-05-11T22:05:50 IST" name="webserviceendpointhistory" description=" click on webservices end point history" finished-at="2022-05-11T22:05:54 IST" duration-ms="4473" status="PASS">
          <reporter-output>
            <line>
              <![CDATA[Starting Test case Web Services end point history<br/>]]>
            </line>
          </reporter-output>
        </test-method> <!-- webserviceendpointhistory -->
        <test-method is-config="true" signature="tearDown()[pri:0, instance:com.Workspace.testcases.WebservicesTest@67427b69]" started-at="2022-05-11T22:05:55 IST" name="tearDown" finished-at="2022-05-11T22:05:59 IST" duration-ms="4142" status="PASS">
          <reporter-output>
          </reporter-output>
        </test-method> <!-- tearDown -->
      </class> <!-- com.Workspace.testcases.WebservicesTest -->
      <class name="com.multisense.testcases.IssueCreationTest">
        <test-method is-config="true" signature="initialization(java.lang.String)[pri:0, instance:com.multisense.testcases.IssueCreationTest@78461bc4]" started-at="2022-05-11T22:37:22 IST" name="initialization" finished-at="2022-05-11T22:37:30 IST" duration-ms="8005" status="PASS">
          <params>
            <param index="0">
              <value>
                <![CDATA[chrome]]>
              </value>
            </param>
          </params>
          <reporter-output>
          </reporter-output>
        </test-method> <!-- initialization -->
        <test-method signature="issuecreation()[pri:1, instance:com.multisense.testcases.IssueCreationTest@78461bc4]" started-at="2022-05-11T22:37:30 IST" name="issuecreation" description="click on issue creation" finished-at="2022-05-11T22:38:54 IST" duration-ms="84047" status="PASS">
          <reporter-output>
            <line>
              <![CDATA[Starting Testcase Issue Creation<br/>]]>
            </line>
          </reporter-output>
        </test-method> <!-- issuecreation -->
        <test-method signature="clickaddissuebutton()[pri:2, instance:com.multisense.testcases.IssueCreationTest@78461bc4]" started-at="2022-05-11T22:38:55 IST" name="clickaddissuebutton" description="click add issue button" finished-at="2022-05-11T22:38:57 IST" duration-ms="2403" status="PASS">
          <reporter-output>
            <line>
              <![CDATA[Starting Testcase Add Issue<br/>]]>
            </line>
          </reporter-output>
        </test-method> <!-- clickaddissuebutton -->
        <test-method signature="addCreationrule(java.lang.String,java.lang.String,java.lang.String,java.lang.String,java.lang.String,java.lang.String,java.lang.String,java.lang.String,java.lang.String,java.lang.String)[pri:3, instance:com.multisense.testcases.IssueCreationTest@78461bc4]" started-at="2022-05-11T22:38:58 IST" name="addCreationrule" description="click add creation rule" data-provider="getTestDataForIssueCreation" finished-at="2022-05-11T22:39:29 IST" duration-ms="31353" status="FAIL">
          <params>
            <param index="0">
              <value>
                <![CDATA[Data collection]]>
              </value>
            </param>
            <param index="1">
              <value>
                <![CDATA[Events from meters of concentrator]]>
              </value>
            </param>
            <param index="2">
              <value>
                <![CDATA[Elster AS1440]]>
              </value>
            </param>
            <param index="3">
              <value>
                <![CDATA[Inactive (Standard device life cycle)]]>
              </value>
            </param>
            <param index="4">
              <value>
                <![CDATA[2.0]]>
              </value>
            </param>
            <param index="5">
              <value>
                <![CDATA[Device communication failure]]>
              </value>
            </param>
            <param index="6">
              <value>
                <![CDATA[Time sync failed]]>
              </value>
            </param>
            <param index="7">
              <value>
                <![CDATA[Email]]>
              </value>
            </param>
            <param index="8">
              <value>
                <![CDATA[smruti]]>
              </value>
            </param>
            <param index="9">
              <value>
                <![CDATA[DeviceData ]]>
              </value>
            </param>
          </params>
          <exception class="org.openqa.selenium.NoSuchElementException">
            <message>
              <![CDATA[no such element: Unable to locate element: {"method":"xpath","selector":"//label[text()='Device type']/following::input"}
  (Session info: headless chrome=101.0.4951.54)
For documentation on this error, please visit: https://selenium.dev/exceptions/#no_such_element
Build info: version: '4.1.1', revision: 'e8fcc2cecf'
System info: host: 'IE1FLT9SR9K63', ip: '192.168.0.183', os.name: 'Windows 10', os.arch: 'amd64', os.version: '10.0', java.version: '16.0.2'
Driver info: org.openqa.selenium.chrome.ChromeDriver
Command: [be8dbefa185e3acbb186dd2930ed37a6, findElement {using=xpath, value=//label[text()='Device type']/following::input}]
Capabilities {acceptInsecureCerts: true, browserName: chrome, browserVersion: 101.0.4951.54, chrome: {chromedriverVersion: 101.0.4951.41 (93c720db8323..., userDataDir: C:\Users\H447546\AppData\Lo...}, goog:chromeOptions: {debuggerAddress: localhost:58572}, javascriptEnabled: true, networkConnectionEnabled: false, pageLoadStrategy: normal, platform: WINDOWS, platformName: WINDOWS, proxy: Proxy(), se:cdp: ws://localhost:58572/devtoo..., se:cdpVersion: 101.0.4951.54, setWindowRect: true, strictFileInteractability: false, timeouts: {implicit: 0, pageLoad: 300000, script: 30000}, unhandledPromptBehavior: dismiss and notify, webauthn:extension:credBlob: true, webauthn:extension:largeBlob: true, webauthn:virtualAuthenticators: true}
Session ID: be8dbefa185e3acbb186dd2930ed37a6]]>
            </message>
            <full-stacktrace>
              <![CDATA[org.openqa.selenium.NoSuchElementException: no such element: Unable to locate element: {"method":"xpath","selector":"//label[text()='Device type']/following::input"}
  (Session info: headless chrome=101.0.4951.54)
For documentation on this error, please visit: https://selenium.dev/exceptions/#no_such_element
Build info: version: '4.1.1', revision: 'e8fcc2cecf'
System info: host: 'IE1FLT9SR9K63', ip: '192.168.0.183', os.name: 'Windows 10', os.arch: 'amd64', os.version: '10.0', java.version: '16.0.2'
Driver info: org.openqa.selenium.chrome.ChromeDriver
Command: [be8dbefa185e3acbb186dd2930ed37a6, findElement {using=xpath, value=//label[text()='Device type']/following::input}]
Capabilities {acceptInsecureCerts: true, browserName: chrome, browserVersion: 101.0.4951.54, chrome: {chromedriverVersion: 101.0.4951.41 (93c720db8323..., userDataDir: C:\Users\H447546\AppData\Lo...}, goog:chromeOptions: {debuggerAddress: localhost:58572}, javascriptEnabled: true, networkConnectionEnabled: false, pageLoadStrategy: normal, platform: WINDOWS, platformName: WINDOWS, proxy: Proxy(), se:cdp: ws://localhost:58572/devtoo..., se:cdpVersion: 101.0.4951.54, setWindowRect: true, strictFileInteractability: false, timeouts: {implicit: 0, pageLoad: 300000, script: 30000}, unhandledPromptBehavior: dismiss and notify, webauthn:extension:credBlob: true, webauthn:extension:largeBlob: true, webauthn:virtualAuthenticators: true}
Session ID: be8dbefa185e3acbb186dd2930ed37a6
at jdk.internal.reflect.GeneratedConstructorAccessor42.newInstance(Unknown Source)
at java.base/jdk.internal.reflect.DelegatingConstructorAccessorImpl.newInstance(DelegatingConstructorAccessorImpl.java:45)
at java.base/java.lang.reflect.Constructor.newInstanceWithCaller(Constructor.java:499)
at java.base/java.lang.reflect.Constructor.newInstance(Constructor.java:480)
at org.openqa.selenium.remote.codec.w3c.W3CHttpResponseCodec.createException(W3CHttpResponseCodec.java:200)
at org.openqa.selenium.remote.codec.w3c.W3CHttpResponseCodec.decode(W3CHttpResponseCodec.java:133)
at org.openqa.selenium.remote.codec.w3c.W3CHttpResponseCodec.decode(W3CHttpResponseCodec.java:53)
at org.openqa.selenium.remote.HttpCommandExecutor.execute(HttpCommandExecutor.java:184)
at org.openqa.selenium.remote.service.DriverCommandExecutor.invokeExecute(DriverCommandExecutor.java:167)
at org.openqa.selenium.remote.service.DriverCommandExecutor.execute(DriverCommandExecutor.java:142)
at org.openqa.selenium.remote.RemoteWebDriver.execute(RemoteWebDriver.java:543)
at org.openqa.selenium.remote.ElementLocation$ElementFinder$2.findElement(ElementLocation.java:162)
at org.openqa.selenium.remote.ElementLocation.findElement(ElementLocation.java:60)
at org.openqa.selenium.remote.RemoteWebDriver.findElement(RemoteWebDriver.java:367)
at org.openqa.selenium.remote.RemoteWebDriver.findElement(RemoteWebDriver.java:359)
at com.multisense.pages.IssueCreationPage.addCreationrule(IssueCreationPage.java:76)
at com.multisense.testcases.IssueCreationTest.addCreationrule(IssueCreationTest.java:62)
at java.base/jdk.internal.reflect.NativeMethodAccessorImpl.invoke0(Native Method)
at java.base/jdk.internal.reflect.NativeMethodAccessorImpl.invoke(NativeMethodAccessorImpl.java:78)
at java.base/jdk.internal.reflect.DelegatingMethodAccessorImpl.invoke(DelegatingMethodAccessorImpl.java:43)
at java.base/java.lang.reflect.Method.invoke(Method.java:567)
at org.testng.internal.MethodInvocationHelper.invokeMethod(MethodInvocationHelper.java:133)
at org.testng.internal.TestInvoker.invokeMethod(TestInvoker.java:598)
at org.testng.internal.TestInvoker.invokeTestMethod(TestInvoker.java:173)
at org.testng.internal.MethodRunner.runInSequence(MethodRunner.java:46)
at org.testng.internal.TestInvoker$MethodInvocationAgent.invoke(TestInvoker.java:824)
at org.testng.internal.TestInvoker.invokeTestMethods(TestInvoker.java:146)
at org.testng.internal.TestMethodWorker.invokeTestMethods(TestMethodWorker.java:146)
at org.testng.internal.TestMethodWorker.run(TestMethodWorker.java:128)
at java.base/java.util.concurrent.ThreadPoolExecutor.runWorker(ThreadPoolExecutor.java:1130)
at java.base/java.util.concurrent.ThreadPoolExecutor$Worker.run(ThreadPoolExecutor.java:630)
at java.base/java.lang.Thread.run(Thread.java:831)
]]>
            </full-stacktrace>
          </exception> <!-- org.openqa.selenium.NoSuchElementException -->
          <reporter-output>
            <line>
              <![CDATA[Starting Testcase Add Creation Rule<br/>]]>
            </line>
          </reporter-output>
        </test-method> <!-- addCreationrule -->
        <test-method signature="editIssueCreation(java.lang.String,java.lang.String,java.lang.String,java.lang.String,java.lang.String,java.lang.String,java.lang.String,java.lang.String,java.lang.String,java.lang.String)[pri:4, instance:com.multisense.testcases.IssueCreationTest@78461bc4]" started-at="2022-05-11T22:39:30 IST" name="editIssueCreation" description="edit issue creation" data-provider="getTestDataForIssueCreation" finished-at="2022-05-11T22:39:45 IST" duration-ms="15145" status="FAIL">
          <params>
            <param index="0">
              <value>
                <![CDATA[Data collection]]>
              </value>
            </param>
            <param index="1">
              <value>
                <![CDATA[Events from meters of concentrator]]>
              </value>
            </param>
            <param index="2">
              <value>
                <![CDATA[Elster AS1440]]>
              </value>
            </param>
            <param index="3">
              <value>
                <![CDATA[Inactive (Standard device life cycle)]]>
              </value>
            </param>
            <param index="4">
              <value>
                <![CDATA[2.0]]>
              </value>
            </param>
            <param index="5">
              <value>
                <![CDATA[Device communication failure]]>
              </value>
            </param>
            <param index="6">
              <value>
                <![CDATA[Time sync failed]]>
              </value>
            </param>
            <param index="7">
              <value>
                <![CDATA[Email]]>
              </value>
            </param>
            <param index="8">
              <value>
                <![CDATA[smruti]]>
              </value>
            </param>
            <param index="9">
              <value>
                <![CDATA[DeviceData ]]>
              </value>
            </param>
          </params>
          <exception class="org.openqa.selenium.NoSuchElementException">
            <message>
              <![CDATA[no such element: Unable to locate element: {"method":"xpath","selector":"//li[text()='200']"}
  (Session info: headless chrome=101.0.4951.54)
For documentation on this error, please visit: https://selenium.dev/exceptions/#no_such_element
Build info: version: '4.1.1', revision: 'e8fcc2cecf'
System info: host: 'IE1FLT9SR9K63', ip: '192.168.0.183', os.name: 'Windows 10', os.arch: 'amd64', os.version: '10.0', java.version: '16.0.2'
Driver info: org.openqa.selenium.chrome.ChromeDriver
Command: [be8dbefa185e3acbb186dd2930ed37a6, findElement {using=xpath, value=//li[text()='200']}]
Capabilities {acceptInsecureCerts: true, browserName: chrome, browserVersion: 101.0.4951.54, chrome: {chromedriverVersion: 101.0.4951.41 (93c720db8323..., userDataDir: C:\Users\H447546\AppData\Lo...}, goog:chromeOptions: {debuggerAddress: localhost:58572}, javascriptEnabled: true, networkConnectionEnabled: false, pageLoadStrategy: normal, platform: WINDOWS, platformName: WINDOWS, proxy: Proxy(), se:cdp: ws://localhost:58572/devtoo..., se:cdpVersion: 101.0.4951.54, setWindowRect: true, strictFileInteractability: false, timeouts: {implicit: 0, pageLoad: 300000, script: 30000}, unhandledPromptBehavior: dismiss and notify, webauthn:extension:credBlob: true, webauthn:extension:largeBlob: true, webauthn:virtualAuthenticators: true}
Session ID: be8dbefa185e3acbb186dd2930ed37a6]]>
            </message>
            <full-stacktrace>
              <![CDATA[org.openqa.selenium.NoSuchElementException: no such element: Unable to locate element: {"method":"xpath","selector":"//li[text()='200']"}
  (Session info: headless chrome=101.0.4951.54)
For documentation on this error, please visit: https://selenium.dev/exceptions/#no_such_element
Build info: version: '4.1.1', revision: 'e8fcc2cecf'
System info: host: 'IE1FLT9SR9K63', ip: '192.168.0.183', os.name: 'Windows 10', os.arch: 'amd64', os.version: '10.0', java.version: '16.0.2'
Driver info: org.openqa.selenium.chrome.ChromeDriver
Command: [be8dbefa185e3acbb186dd2930ed37a6, findElement {using=xpath, value=//li[text()='200']}]
Capabilities {acceptInsecureCerts: true, browserName: chrome, browserVersion: 101.0.4951.54, chrome: {chromedriverVersion: 101.0.4951.41 (93c720db8323..., userDataDir: C:\Users\H447546\AppData\Lo...}, goog:chromeOptions: {debuggerAddress: localhost:58572}, javascriptEnabled: true, networkConnectionEnabled: false, pageLoadStrategy: normal, platform: WINDOWS, platformName: WINDOWS, proxy: Proxy(), se:cdp: ws://localhost:58572/devtoo..., se:cdpVersion: 101.0.4951.54, setWindowRect: true, strictFileInteractability: false, timeouts: {implicit: 0, pageLoad: 300000, script: 30000}, unhandledPromptBehavior: dismiss and notify, webauthn:extension:credBlob: true, webauthn:extension:largeBlob: true, webauthn:virtualAuthenticators: true}
Session ID: be8dbefa185e3acbb186dd2930ed37a6
at jdk.internal.reflect.GeneratedConstructorAccessor42.newInstance(Unknown Source)
at java.base/jdk.internal.reflect.DelegatingConstructorAccessorImpl.newInstance(DelegatingConstructorAccessorImpl.java:45)
at java.base/java.lang.reflect.Constructor.newInstanceWithCaller(Constructor.java:499)
at java.base/java.lang.reflect.Constructor.newInstance(Constructor.java:480)
at org.openqa.selenium.remote.codec.w3c.W3CHttpResponseCodec.createException(W3CHttpResponseCodec.java:200)
at org.openqa.selenium.remote.codec.w3c.W3CHttpResponseCodec.decode(W3CHttpResponseCodec.java:133)
at org.openqa.selenium.remote.codec.w3c.W3CHttpResponseCodec.decode(W3CHttpResponseCodec.java:53)
at org.openqa.selenium.remote.HttpCommandExecutor.execute(HttpCommandExecutor.java:184)
at org.openqa.selenium.remote.service.DriverCommandExecutor.invokeExecute(DriverCommandExecutor.java:167)
at org.openqa.selenium.remote.service.DriverCommandExecutor.execute(DriverCommandExecutor.java:142)
at org.openqa.selenium.remote.RemoteWebDriver.execute(RemoteWebDriver.java:543)
at org.openqa.selenium.remote.ElementLocation$ElementFinder$2.findElement(ElementLocation.java:162)
at org.openqa.selenium.remote.ElementLocation.findElement(ElementLocation.java:60)
at org.openqa.selenium.remote.RemoteWebDriver.findElement(RemoteWebDriver.java:367)
at org.openqa.selenium.remote.RemoteWebDriver.findElement(RemoteWebDriver.java:359)
at com.multisense.pages.IssueCreationPage.editIssueCreation(IssueCreationPage.java:161)
at com.multisense.testcases.IssueCreationTest.editIssueCreation(IssueCreationTest.java:72)
at java.base/jdk.internal.reflect.NativeMethodAccessorImpl.invoke0(Native Method)
at java.base/jdk.internal.reflect.NativeMethodAccessorImpl.invoke(NativeMethodAccessorImpl.java:78)
at java.base/jdk.internal.reflect.DelegatingMethodAccessorImpl.invoke(DelegatingMethodAccessorImpl.java:43)
at java.base/java.lang.reflect.Method.invoke(Method.java:567)
at org.testng.internal.MethodInvocationHelper.invokeMethod(MethodInvocationHelper.java:133)
at org.testng.internal.TestInvoker.invokeMethod(TestInvoker.java:598)
at org.testng.internal.TestInvoker.invokeTestMethod(TestInvoker.java:173)
at org.testng.internal.MethodRunner.runInSequence(MethodRunner.java:46)
at org.testng.internal.TestInvoker$MethodInvocationAgent.invoke(TestInvoker.java:824)
at org.testng.internal.TestInvoker.invokeTestMethods(TestInvoker.java:146)
at org.testng.internal.TestMethodWorker.invokeTestMethods(TestMethodWorker.java:146)
at org.testng.internal.TestMethodWorker.run(TestMethodWorker.java:128)
at java.base/java.util.concurrent.ThreadPoolExecutor.runWorker(ThreadPoolExecutor.java:1130)
at java.base/java.util.concurrent.ThreadPoolExecutor$Worker.run(ThreadPoolExecutor.java:630)
at java.base/java.lang.Thread.run(Thread.java:831)
]]>
            </full-stacktrace>
          </exception> <!-- org.openqa.selenium.NoSuchElementException -->
          <reporter-output>
            <line>
              <![CDATA[Starting Testcase Edit Issue<br/>]]>
            </line>
          </reporter-output>
        </test-method> <!-- editIssueCreation -->
        <test-method signature="removeIssueCreation(java.lang.String,java.lang.String,java.lang.String,java.lang.String,java.lang.String,java.lang.String,java.lang.String,java.lang.String,java.lang.String,java.lang.String)[pri:5, instance:com.multisense.testcases.IssueCreationTest@78461bc4]" started-at="2022-05-11T22:39:46 IST" name="removeIssueCreation" description="remove issue creation" data-provider="getTestDataForIssueCreation" finished-at="2022-05-11T22:40:01 IST" duration-ms="15124" status="FAIL">
          <params>
            <param index="0">
              <value>
                <![CDATA[Data collection]]>
              </value>
            </param>
            <param index="1">
              <value>
                <![CDATA[Events from meters of concentrator]]>
              </value>
            </param>
            <param index="2">
              <value>
                <![CDATA[Elster AS1440]]>
              </value>
            </param>
            <param index="3">
              <value>
                <![CDATA[Inactive (Standard device life cycle)]]>
              </value>
            </param>
            <param index="4">
              <value>
                <![CDATA[2.0]]>
              </value>
            </param>
            <param index="5">
              <value>
                <![CDATA[Device communication failure]]>
              </value>
            </param>
            <param index="6">
              <value>
                <![CDATA[Time sync failed]]>
              </value>
            </param>
            <param index="7">
              <value>
                <![CDATA[Email]]>
              </value>
            </param>
            <param index="8">
              <value>
                <![CDATA[smruti]]>
              </value>
            </param>
            <param index="9">
              <value>
                <![CDATA[DeviceData ]]>
              </value>
            </param>
          </params>
          <exception class="org.openqa.selenium.NoSuchElementException">
            <message>
              <![CDATA[no such element: Unable to locate element: {"method":"xpath","selector":"//li[text()='200']"}
  (Session info: headless chrome=101.0.4951.54)
For documentation on this error, please visit: https://selenium.dev/exceptions/#no_such_element
Build info: version: '4.1.1', revision: 'e8fcc2cecf'
System info: host: 'IE1FLT9SR9K63', ip: '192.168.0.183', os.name: 'Windows 10', os.arch: 'amd64', os.version: '10.0', java.version: '16.0.2'
Driver info: org.openqa.selenium.chrome.ChromeDriver
Command: [be8dbefa185e3acbb186dd2930ed37a6, findElement {using=xpath, value=//li[text()='200']}]
Capabilities {acceptInsecureCerts: true, browserName: chrome, browserVersion: 101.0.4951.54, chrome: {chromedriverVersion: 101.0.4951.41 (93c720db8323..., userDataDir: C:\Users\H447546\AppData\Lo...}, goog:chromeOptions: {debuggerAddress: localhost:58572}, javascriptEnabled: true, networkConnectionEnabled: false, pageLoadStrategy: normal, platform: WINDOWS, platformName: WINDOWS, proxy: Proxy(), se:cdp: ws://localhost:58572/devtoo..., se:cdpVersion: 101.0.4951.54, setWindowRect: true, strictFileInteractability: false, timeouts: {implicit: 0, pageLoad: 300000, script: 30000}, unhandledPromptBehavior: dismiss and notify, webauthn:extension:credBlob: true, webauthn:extension:largeBlob: true, webauthn:virtualAuthenticators: true}
Session ID: be8dbefa185e3acbb186dd2930ed37a6]]>
            </message>
            <full-stacktrace>
              <![CDATA[org.openqa.selenium.NoSuchElementException: no such element: Unable to locate element: {"method":"xpath","selector":"//li[text()='200']"}
  (Session info: headless chrome=101.0.4951.54)
For documentation on this error, please visit: https://selenium.dev/exceptions/#no_such_element
Build info: version: '4.1.1', revision: 'e8fcc2cecf'
System info: host: 'IE1FLT9SR9K63', ip: '192.168.0.183', os.name: 'Windows 10', os.arch: 'amd64', os.version: '10.0', java.version: '16.0.2'
Driver info: org.openqa.selenium.chrome.ChromeDriver
Command: [be8dbefa185e3acbb186dd2930ed37a6, findElement {using=xpath, value=//li[text()='200']}]
Capabilities {acceptInsecureCerts: true, browserName: chrome, browserVersion: 101.0.4951.54, chrome: {chromedriverVersion: 101.0.4951.41 (93c720db8323..., userDataDir: C:\Users\H447546\AppData\Lo...}, goog:chromeOptions: {debuggerAddress: localhost:58572}, javascriptEnabled: true, networkConnectionEnabled: false, pageLoadStrategy: normal, platform: WINDOWS, platformName: WINDOWS, proxy: Proxy(), se:cdp: ws://localhost:58572/devtoo..., se:cdpVersion: 101.0.4951.54, setWindowRect: true, strictFileInteractability: false, timeouts: {implicit: 0, pageLoad: 300000, script: 30000}, unhandledPromptBehavior: dismiss and notify, webauthn:extension:credBlob: true, webauthn:extension:largeBlob: true, webauthn:virtualAuthenticators: true}
Session ID: be8dbefa185e3acbb186dd2930ed37a6
at jdk.internal.reflect.GeneratedConstructorAccessor42.newInstance(Unknown Source)
at java.base/jdk.internal.reflect.DelegatingConstructorAccessorImpl.newInstance(DelegatingConstructorAccessorImpl.java:45)
at java.base/java.lang.reflect.Constructor.newInstanceWithCaller(Constructor.java:499)
at java.base/java.lang.reflect.Constructor.newInstance(Constructor.java:480)
at org.openqa.selenium.remote.codec.w3c.W3CHttpResponseCodec.createException(W3CHttpResponseCodec.java:200)
at org.openqa.selenium.remote.codec.w3c.W3CHttpResponseCodec.decode(W3CHttpResponseCodec.java:133)
at org.openqa.selenium.remote.codec.w3c.W3CHttpResponseCodec.decode(W3CHttpResponseCodec.java:53)
at org.openqa.selenium.remote.HttpCommandExecutor.execute(HttpCommandExecutor.java:184)
at org.openqa.selenium.remote.service.DriverCommandExecutor.invokeExecute(DriverCommandExecutor.java:167)
at org.openqa.selenium.remote.service.DriverCommandExecutor.execute(DriverCommandExecutor.java:142)
at org.openqa.selenium.remote.RemoteWebDriver.execute(RemoteWebDriver.java:543)
at org.openqa.selenium.remote.ElementLocation$ElementFinder$2.findElement(ElementLocation.java:162)
at org.openqa.selenium.remote.ElementLocation.findElement(ElementLocation.java:60)
at org.openqa.selenium.remote.RemoteWebDriver.findElement(RemoteWebDriver.java:367)
at org.openqa.selenium.remote.RemoteWebDriver.findElement(RemoteWebDriver.java:359)
at com.multisense.pages.IssueCreationPage.removeIssueCreation(IssueCreationPage.java:184)
at com.multisense.testcases.IssueCreationTest.removeIssueCreation(IssueCreationTest.java:86)
at java.base/jdk.internal.reflect.NativeMethodAccessorImpl.invoke0(Native Method)
at java.base/jdk.internal.reflect.NativeMethodAccessorImpl.invoke(NativeMethodAccessorImpl.java:78)
at java.base/jdk.internal.reflect.DelegatingMethodAccessorImpl.invoke(DelegatingMethodAccessorImpl.java:43)
at java.base/java.lang.reflect.Method.invoke(Method.java:567)
at org.testng.internal.MethodInvocationHelper.invokeMethod(MethodInvocationHelper.java:133)
at org.testng.internal.TestInvoker.invokeMethod(TestInvoker.java:598)
at org.testng.internal.TestInvoker.invokeTestMethod(TestInvoker.java:173)
at org.testng.internal.MethodRunner.runInSequence(MethodRunner.java:46)
at org.testng.internal.TestInvoker$MethodInvocationAgent.invoke(TestInvoker.java:824)
at org.testng.internal.TestInvoker.invokeTestMethods(TestInvoker.java:146)
at org.testng.internal.TestMethodWorker.invokeTestMethods(TestMethodWorker.java:146)
at org.testng.internal.TestMethodWorker.run(TestMethodWorker.java:128)
at java.base/java.util.concurrent.ThreadPoolExecutor.runWorker(ThreadPoolExecutor.java:1130)
at java.base/java.util.concurrent.ThreadPoolExecutor$Worker.run(ThreadPoolExecutor.java:630)
at java.base/java.lang.Thread.run(Thread.java:831)
]]>
            </full-stacktrace>
          </exception> <!-- org.openqa.selenium.NoSuchElementException -->
          <reporter-output>
            <line>
              <![CDATA[Starting Testcase Remove Issue<br/>]]>
            </line>
          </reporter-output>
        </test-method> <!-- removeIssueCreation -->
        <test-method is-config="true" signature="tearDown()[pri:0, instance:com.multisense.testcases.IssueCreationTest@78461bc4]" started-at="2022-05-11T22:40:01 IST" name="tearDown" finished-at="2022-05-11T22:40:06 IST" duration-ms="4897" status="PASS">
          <reporter-output>
          </reporter-output>
        </test-method> <!-- tearDown -->
      </class> <!-- com.multisense.testcases.IssueCreationTest -->
      <class name="com.ConnexoAdmin.testcases.WebServiceEndpointsTest">
        <test-method is-config="true" signature="initialization(java.lang.String)[pri:0, instance:com.ConnexoAdmin.testcases.WebServiceEndpointsTest@544630b7]" started-at="2022-05-11T23:08:55 IST" name="initialization" finished-at="2022-05-11T23:09:01 IST" duration-ms="6792" status="PASS">
          <params>
            <param index="0">
              <value>
                <![CDATA[chrome]]>
              </value>
            </param>
          </params>
          <reporter-output>
          </reporter-output>
        </test-method> <!-- initialization -->
        <test-method signature="verifyAndSelectWebServiceEndpoints()[pri:1, instance:com.ConnexoAdmin.testcases.WebServiceEndpointsTest@544630b7]" started-at="2022-05-11T23:09:01 IST" name="verifyAndSelectWebServiceEndpoints" description="verify And Select WebService Endpoints" finished-at="2022-05-11T23:09:53 IST" duration-ms="51231" status="PASS">
          <reporter-output>
            <line>
              <![CDATA[Starting execution of Instances of Web service endpoints<br/>]]>
            </line>
          </reporter-output>
        </test-method> <!-- verifyAndSelectWebServiceEndpoints -->
        <test-method signature="createWebServiceEndpoints(java.lang.String,java.lang.String,java.lang.String,java.lang.String,java.lang.String)[pri:2, instance:com.ConnexoAdmin.testcases.WebServiceEndpointsTest@544630b7]" started-at="2022-05-11T23:09:53 IST" name="createWebServiceEndpoints" description="Create WebService Endpoints" data-provider="getTestDataFromWebServiceEndpoint" finished-at="2022-05-11T23:10:14 IST" duration-ms="20490" status="PASS">
          <params>
            <param index="0">
              <value>
                <![CDATA[SampleWeb]]>
              </value>
            </param>
            <param index="1">
              <value>
                <![CDATA[CIM MeterReadings]]>
              </value>
            </param>
            <param index="2">
              <value>
                <![CDATA[Temperature]]>
              </value>
            </param>
            <param index="3">
              <value>
                <![CDATA[Warning]]>
              </value>
            </param>
            <param index="4">
              <value>
                <![CDATA[No authentication]]>
              </value>
            </param>
          </params>
          <reporter-output>
            <line>
              <![CDATA[Starting execution of create Web service endpoints<br/>]]>
            </line>
          </reporter-output>
        </test-method> <!-- createWebServiceEndpoints -->
        <test-method signature="activateWSEP(java.lang.String,java.lang.String,java.lang.String,java.lang.String,java.lang.String)[pri:3, instance:com.ConnexoAdmin.testcases.WebServiceEndpointsTest@544630b7]" started-at="2022-05-11T23:10:15 IST" name="activateWSEP" description="Activate WEb Service Endpoint" data-provider="getTestDataFromWebServiceEndpoint" finished-at="2022-05-11T23:10:25 IST" duration-ms="9983" status="PASS">
          <params>
            <param index="0">
              <value>
                <![CDATA[SampleWeb]]>
              </value>
            </param>
            <param index="1">
              <value>
                <![CDATA[CIM MeterReadings]]>
              </value>
            </param>
            <param index="2">
              <value>
                <![CDATA[Temperature]]>
              </value>
            </param>
            <param index="3">
              <value>
                <![CDATA[Warning]]>
              </value>
            </param>
            <param index="4">
              <value>
                <![CDATA[No authentication]]>
              </value>
            </param>
          </params>
          <reporter-output>
            <line>
              <![CDATA[Starting execution of Activating Instances of Web service endpoints<br/>]]>
            </line>
          </reporter-output>
        </test-method> <!-- activateWSEP -->
        <test-method signature="DeactivateWSEP(java.lang.String,java.lang.String,java.lang.String,java.lang.String,java.lang.String)[pri:4, instance:com.ConnexoAdmin.testcases.WebServiceEndpointsTest@544630b7]" started-at="2022-05-11T23:10:25 IST" name="DeactivateWSEP" description="Deactivate &amp; Remove webservice endpoints" data-provider="getTestDataFromWebServiceEndpoint" finished-at="2022-05-11T23:10:37 IST" duration-ms="11684" status="PASS">
          <params>
            <param index="0">
              <value>
                <![CDATA[SampleWeb]]>
              </value>
            </param>
            <param index="1">
              <value>
                <![CDATA[CIM MeterReadings]]>
              </value>
            </param>
            <param index="2">
              <value>
                <![CDATA[Temperature]]>
              </value>
            </param>
            <param index="3">
              <value>
                <![CDATA[Warning]]>
              </value>
            </param>
            <param index="4">
              <value>
                <![CDATA[No authentication]]>
              </value>
            </param>
          </params>
          <reporter-output>
            <line>
              <![CDATA[Starting the testcase Deactivate & Removing Instances of Web service endpoints<br/>]]>
            </line>
          </reporter-output>
        </test-method> <!-- DeactivateWSEP -->
        <test-method is-config="true" signature="tearDown()[pri:0, instance:com.ConnexoAdmin.testcases.WebServiceEndpointsTest@544630b7]" started-at="2022-05-11T23:10:38 IST" name="tearDown" finished-at="2022-05-11T23:10:42 IST" duration-ms="4465" status="PASS">
          <reporter-output>
          </reporter-output>
        </test-method> <!-- tearDown -->
      </class> <!-- com.ConnexoAdmin.testcases.WebServiceEndpointsTest -->
      <class name="com.ConnexoAdmin.testcases.Admin_DataPurgeTest">
        <test-method is-config="true" signature="initialization(java.lang.String)[pri:0, instance:com.ConnexoAdmin.testcases.Admin_DataPurgeTest@1b822fcc]" started-at="2022-05-11T22:16:00 IST" name="initialization" finished-at="2022-05-11T22:16:18 IST" duration-ms="18353" status="PASS">
          <params>
            <param index="0">
              <value>
                <![CDATA[chrome]]>
              </value>
            </param>
          </params>
          <reporter-output>
          </reporter-output>
        </test-method> <!-- initialization -->
        <test-method signature="clickPurgeSetting()[pri:1, instance:com.ConnexoAdmin.testcases.Admin_DataPurgeTest@1b822fcc]" started-at="2022-05-11T22:16:18 IST" name="clickPurgeSetting" description="Click Purge Setting" finished-at="2022-05-11T22:17:14 IST" duration-ms="55950" status="PASS">
          <reporter-output>
            <line>
              <![CDATA[Starting testcase Verify Purge Setting page<br/>]]>
            </line>
          </reporter-output>
        </test-method> <!-- clickPurgeSetting -->
        <test-method signature="AddRelativePeriodData(java.lang.String)[pri:2, instance:com.ConnexoAdmin.testcases.Admin_DataPurgeTest@1b822fcc]" started-at="2022-05-11T22:17:15 IST" name="AddRelativePeriodData" description="Add Relative Period data" data-provider="dpAddValue" finished-at="2022-05-11T22:17:24 IST" duration-ms="8934" status="PASS">
          <params>
            <param index="0">
              <value>
                <![CDATA[991.0]]>
              </value>
            </param>
          </params>
          <reporter-output>
            <line>
              <![CDATA[Starting testcase Verify Purge Setting page<br/>]]>
            </line>
          </reporter-output>
        </test-method> <!-- AddRelativePeriodData -->
        <test-method is-config="true" signature="tearDown()[pri:0, instance:com.ConnexoAdmin.testcases.Admin_DataPurgeTest@1b822fcc]" started-at="2022-05-11T22:17:24 IST" name="tearDown" finished-at="2022-05-11T22:17:28 IST" duration-ms="3910" status="PASS">
          <reporter-output>
          </reporter-output>
        </test-method> <!-- tearDown -->
      </class> <!-- com.ConnexoAdmin.testcases.Admin_DataPurgeTest -->
      <class name="com.Workspace.testcases.WorkspaceDataexchangeTest">
        <test-method is-config="true" signature="initialization(java.lang.String)[pri:0, instance:com.Workspace.testcases.WorkspaceDataexchangeTest@548e76f1]" started-at="2022-05-11T22:04:09 IST" name="initialization" finished-at="2022-05-11T22:04:22 IST" duration-ms="13329" status="PASS">
          <params>
            <param index="0">
              <value>
                <![CDATA[chrome]]>
              </value>
            </param>
          </params>
          <reporter-output>
          </reporter-output>
        </test-method> <!-- initialization -->
        <test-method signature="WorkspaceDataExchangeopenExportHistoryLink()[pri:1, instance:com.Workspace.testcases.WorkspaceDataexchangeTest@548e76f1]" started-at="2022-05-11T22:04:22 IST" name="WorkspaceDataExchangeopenExportHistoryLink" description=" " finished-at="2022-05-11T22:05:53 IST" duration-ms="90996" status="PASS">
          <reporter-output>
            <line>
              <![CDATA[Staring testcase workspace Data Exchange<br/>]]>
            </line>
          </reporter-output>
        </test-method> <!-- WorkspaceDataExchangeopenExportHistoryLink -->
        <test-method signature="WorkspaceDataExchangeopenImportHistoryLink()[pri:2, instance:com.Workspace.testcases.WorkspaceDataexchangeTest@548e76f1]" started-at="2022-05-11T22:05:54 IST" name="WorkspaceDataExchangeopenImportHistoryLink" description="click and verify workspace ImportHistoryLink " finished-at="2022-05-11T22:06:02 IST" duration-ms="8040" status="PASS">
          <reporter-output>
            <line>
              <![CDATA[Staring testcase workspace Data Exchange ImportHistoryLink<br/>]]>
            </line>
            <line>
              <![CDATA[Starting testcase Verify Data Exchange Import History  page<br/>]]>
            </line>
          </reporter-output>
        </test-method> <!-- WorkspaceDataExchangeopenImportHistoryLink -->
        <test-method signature="WorkspaceDataExchangeClickUploadLink()[pri:3, instance:com.Workspace.testcases.WorkspaceDataexchangeTest@548e76f1]" started-at="2022-05-11T22:06:02 IST" name="WorkspaceDataExchangeClickUploadLink" description="click Upload File HistoryLink " finished-at="2022-05-11T22:06:11 IST" duration-ms="9008" status="PASS">
          <reporter-output>
          </reporter-output>
        </test-method> <!-- WorkspaceDataExchangeClickUploadLink -->
        <test-method is-config="true" signature="tearDown()[pri:0, instance:com.Workspace.testcases.WorkspaceDataexchangeTest@548e76f1]" started-at="2022-05-11T22:06:11 IST" name="tearDown" finished-at="2022-05-11T22:06:16 IST" duration-ms="4771" status="PASS">
          <reporter-output>
          </reporter-output>
        </test-method> <!-- tearDown -->
      </class> <!-- com.Workspace.testcases.WorkspaceDataexchangeTest -->
      <class name="com.ConnexoAdmin.testcases.RelativePeriodTest">
        <test-method is-config="true" signature="initialization(java.lang.String)[pri:0, instance:com.ConnexoAdmin.testcases.RelativePeriodTest@70ab80e3]" started-at="2022-05-11T23:14:45 IST" name="initialization" finished-at="2022-05-11T23:14:52 IST" duration-ms="6518" status="PASS">
          <params>
            <param index="0">
              <value>
                <![CDATA[chrome]]>
              </value>
            </param>
          </params>
          <reporter-output>
          </reporter-output>
        </test-method> <!-- initialization -->
        <test-method signature="verifyRelativePeriodText()[pri:1, instance:com.ConnexoAdmin.testcases.RelativePeriodTest@70ab80e3]" started-at="2022-05-11T23:14:52 IST" name="verifyRelativePeriodText" description="Verify Relative Period Test" finished-at="2022-05-11T23:15:54 IST" duration-ms="62326" status="PASS">
          <reporter-output>
            <line>
              <![CDATA[Starting testcase Verify  Relative Period  text page<br/>]]>
            </line>
          </reporter-output>
        </test-method> <!-- verifyRelativePeriodText -->
        <test-method signature="AddRelativePeriodData()[pri:2, instance:com.ConnexoAdmin.testcases.RelativePeriodTest@70ab80e3]" started-at="2022-05-11T23:15:55 IST" name="AddRelativePeriodData" description="Add Relative Period Data" finished-at="2022-05-11T23:16:52 IST" duration-ms="57484" status="PASS">
          <reporter-output>
            <line>
              <![CDATA[Starting testcase Verify  Add Relative Period Form Fill page<br/>]]>
            </line>
          </reporter-output>
        </test-method> <!-- AddRelativePeriodData -->
        <test-method signature="EditRelativePeriodData(java.lang.String,java.lang.String)[pri:3, instance:com.ConnexoAdmin.testcases.RelativePeriodTest@70ab80e3]" started-at="2022-05-11T23:16:54 IST" name="EditRelativePeriodData" description="Edit Relative Period Data" data-provider="dpEdit" finished-at="2022-05-11T23:18:11 IST" duration-ms="77679" status="PASS">
          <params>
            <param index="0">
              <value>
                <![CDATA[Last8days]]>
              </value>
            </param>
            <param index="1">
              <value>
                <![CDATA[8.0]]>
              </value>
            </param>
          </params>
          <reporter-output>
            <line>
              <![CDATA[Starting testcase Verify  Edit Relative Period Form page <br/>]]>
            </line>
          </reporter-output>
        </test-method> <!-- EditRelativePeriodData -->
        <test-method is-config="true" signature="tearDown()[pri:0, instance:com.ConnexoAdmin.testcases.RelativePeriodTest@70ab80e3]" started-at="2022-05-11T23:18:12 IST" name="tearDown" finished-at="2022-05-11T23:18:16 IST" duration-ms="4099" status="PASS">
          <reporter-output>
          </reporter-output>
        </test-method> <!-- tearDown -->
      </class> <!-- com.ConnexoAdmin.testcases.RelativePeriodTest -->
      <class name="com.Workspace.testcases.ProcessesTest">
        <test-method is-config="true" signature="initialization(java.lang.String)[pri:0, instance:com.Workspace.testcases.ProcessesTest@3d6300e8]" started-at="2022-05-11T21:47:12 IST" name="initialization" finished-at="2022-05-11T21:47:20 IST" duration-ms="7279" status="PASS">
          <params>
            <param index="0">
              <value>
                <![CDATA[chrome]]>
              </value>
            </param>
          </params>
          <reporter-output>
          </reporter-output>
        </test-method> <!-- initialization -->
        <test-method signature="ApplyProcesses()[pri:1, instance:com.Workspace.testcases.ProcessesTest@3d6300e8]" started-at="2022-05-11T21:47:20 IST" name="ApplyProcesses" finished-at="2022-05-11T21:49:00 IST" duration-ms="100345" status="PASS">
          <reporter-output>
            <line>
              <![CDATA[Starting Test case Apply Processes<br/>]]>
            </line>
          </reporter-output>
        </test-method> <!-- ApplyProcesses -->
        <test-method is-config="true" signature="tearDown()[pri:0, instance:com.Workspace.testcases.ProcessesTest@3d6300e8]" started-at="2022-05-11T21:49:00 IST" name="tearDown" finished-at="2022-05-11T21:49:04 IST" duration-ms="4052" status="PASS">
          <reporter-output>
          </reporter-output>
        </test-method> <!-- tearDown -->
      </class> <!-- com.Workspace.testcases.ProcessesTest -->
      <class name="com.ConnexoAdmin.testcases.UploadFileForImportTest">
        <test-method is-config="true" signature="initialization(java.lang.String)[pri:0, instance:com.ConnexoAdmin.testcases.UploadFileForImportTest@56102e1c]" started-at="2022-05-11T22:57:06 IST" name="initialization" finished-at="2022-05-11T22:57:06 IST" duration-ms="1" status="PASS">
          <params>
            <param index="0">
              <value>
                <![CDATA[chrome]]>
              </value>
            </param>
          </params>
          <reporter-output>
          </reporter-output>
        </test-method> <!-- initialization -->
        <test-method signature="verifyAndSelectImportServices()[pri:1, instance:com.ConnexoAdmin.testcases.UploadFileForImportTest@56102e1c]" started-at="2022-05-11T22:57:06 IST" name="verifyAndSelectImportServices" finished-at="2022-05-11T22:57:22 IST" duration-ms="16267" status="FAIL">
          <exception class="java.lang.IllegalArgumentException">
            <message>
              <![CDATA[Input must be set]]>
            </message>
            <full-stacktrace>
              <![CDATA[java.lang.IllegalArgumentException: Input must be set
at org.openqa.selenium.internal.Require.nonNull(Require.java:56)
at org.openqa.selenium.support.ui.FluentWait.<init>(FluentWait.java:97)
at org.openqa.selenium.support.ui.WebDriverWait.<init>(WebDriverWait.java:128)
at org.openqa.selenium.support.ui.WebDriverWait.<init>(WebDriverWait.java:61)
at com.base.base.TestBase.catchCFT1000Alert(TestBase.java:975)
at com.base.base.TestBase.Admin(TestBase.java:213)
at com.ConnexoAdmin.pages.DataExchange.UploadFileForImportPage.<init>(UploadFileForImportPage.java:26)
at com.ConnexoAdmin.testcases.UploadFileForImportTest.verifyAndSelectImportServices(UploadFileForImportTest.java:38)
at java.base/jdk.internal.reflect.NativeMethodAccessorImpl.invoke0(Native Method)
at java.base/jdk.internal.reflect.NativeMethodAccessorImpl.invoke(NativeMethodAccessorImpl.java:78)
at java.base/jdk.internal.reflect.DelegatingMethodAccessorImpl.invoke(DelegatingMethodAccessorImpl.java:43)
at java.base/java.lang.reflect.Method.invoke(Method.java:567)
at org.testng.internal.MethodInvocationHelper.invokeMethod(MethodInvocationHelper.java:133)
at org.testng.internal.TestInvoker.invokeMethod(TestInvoker.java:598)
at org.testng.internal.TestInvoker.invokeTestMethod(TestInvoker.java:173)
at org.testng.internal.MethodRunner.runInSequence(MethodRunner.java:46)
at org.testng.internal.TestInvoker$MethodInvocationAgent.invoke(TestInvoker.java:824)
at org.testng.internal.TestInvoker.invokeTestMethods(TestInvoker.java:146)
at org.testng.internal.TestMethodWorker.invokeTestMethods(TestMethodWorker.java:146)
at org.testng.internal.TestMethodWorker.run(TestMethodWorker.java:128)
at java.base/java.util.concurrent.ThreadPoolExecutor.runWorker(ThreadPoolExecutor.java:1130)
at java.base/java.util.concurrent.ThreadPoolExecutor$Worker.run(ThreadPoolExecutor.java:630)
at java.base/java.lang.Thread.run(Thread.java:831)
]]>
            </full-stacktrace>
          </exception> <!-- java.lang.IllegalArgumentException -->
          <reporter-output>
          </reporter-output>
        </test-method> <!-- verifyAndSelectImportServices -->
        <test-method signature="CreatedUploadfileforImport(java.lang.String)[pri:2, instance:com.ConnexoAdmin.testcases.UploadFileForImportTest@56102e1c]" started-at="2022-05-11T22:57:22 IST" name="CreatedUploadfileforImport" data-provider="getTestDataForUploadFileForImport" finished-at="2022-05-11T22:57:22 IST" duration-ms="1" status="FAIL">
          <params>
            <param index="0">
              <value>
                <![CDATA[Activation Deactivation]]>
              </value>
            </param>
          </params>
          <exception class="java.lang.NullPointerException">
            <message>
              <![CDATA[Cannot invoke "com.ConnexoAdmin.pages.DataExchange.UploadFileForImportPage.CreateUploadfileforImport(String)" because "this.UploadFileForImportPage" is null]]>
            </message>
            <full-stacktrace>
              <![CDATA[java.lang.NullPointerException: Cannot invoke "com.ConnexoAdmin.pages.DataExchange.UploadFileForImportPage.CreateUploadfileforImport(String)" because "this.UploadFileForImportPage" is null
at com.ConnexoAdmin.testcases.UploadFileForImportTest.CreatedUploadfileforImport(UploadFileForImportTest.java:52)
at java.base/jdk.internal.reflect.NativeMethodAccessorImpl.invoke0(Native Method)
at java.base/jdk.internal.reflect.NativeMethodAccessorImpl.invoke(NativeMethodAccessorImpl.java:78)
at java.base/jdk.internal.reflect.DelegatingMethodAccessorImpl.invoke(DelegatingMethodAccessorImpl.java:43)
at java.base/java.lang.reflect.Method.invoke(Method.java:567)
at org.testng.internal.MethodInvocationHelper.invokeMethod(MethodInvocationHelper.java:133)
at org.testng.internal.TestInvoker.invokeMethod(TestInvoker.java:598)
at org.testng.internal.TestInvoker.invokeTestMethod(TestInvoker.java:173)
at org.testng.internal.MethodRunner.runInSequence(MethodRunner.java:46)
at org.testng.internal.TestInvoker$MethodInvocationAgent.invoke(TestInvoker.java:824)
at org.testng.internal.TestInvoker.invokeTestMethods(TestInvoker.java:146)
at org.testng.internal.TestMethodWorker.invokeTestMethods(TestMethodWorker.java:146)
at org.testng.internal.TestMethodWorker.run(TestMethodWorker.java:128)
at java.base/java.util.concurrent.ThreadPoolExecutor.runWorker(ThreadPoolExecutor.java:1130)
at java.base/java.util.concurrent.ThreadPoolExecutor$Worker.run(ThreadPoolExecutor.java:630)
at java.base/java.lang.Thread.run(Thread.java:831)
]]>
            </full-stacktrace>
          </exception> <!-- java.lang.NullPointerException -->
          <reporter-output>
          </reporter-output>
        </test-method> <!-- CreatedUploadfileforImport -->
[...]
          <reporter-output>
            <line>
              <![CDATA[Starting testcase Click on BulkAction<br/>]]>
            </line>
          </reporter-output>
        </test-method> <!-- setBulkAction -->
        <test-method signature="selectCommunicationSchedule()[pri:6, instance:com.DevicesAndSearch.testcases.MultisenseSearchTest@7555b920]" started-at="2022-05-11T22:21:33 IST" name="selectCommunicationSchedule" description="Select communication schedule" finished-at="2022-05-11T22:22:03 IST" duration-ms="29467" status="PASS">
          <reporter-output>
            <line>
              <![CDATA[Starting testcase Select communication schedule<br/>]]>
            </line>
          </reporter-output>
        </test-method> <!-- selectCommunicationSchedule -->
        <test-method signature="removeOldScheduleandConfirm()[pri:7, instance:com.DevicesAndSearch.testcases.MultisenseSearchTest@7555b920]" started-at="2022-05-11T22:22:03 IST" name="removeOldScheduleandConfirm" description="Remove Communication Schedule" finished-at="2022-05-11T22:22:29 IST" duration-ms="26095" status="PASS">
          <reporter-output>
            <line>
              <![CDATA[Starting testcase Click on Remove old shared communication schedule<br/>]]>
            </line>
          </reporter-output>
        </test-method> <!-- removeOldScheduleandConfirm -->
        <test-method signature="addCriteriaCommunicationTask()[pri:8, instance:com.DevicesAndSearch.testcases.MultisenseSearchTest@7555b920]" started-at="2022-05-11T22:22:30 IST" name="addCriteriaCommunicationTask" description="Add Criteria" finished-at="2022-05-11T22:23:13 IST" duration-ms="43329" status="PASS">
          <reporter-output>
            <line>
              <![CDATA[Starting testcase Add Criteria<br/>]]>
            </line>
          </reporter-output>
        </test-method> <!-- addCriteriaCommunicationTask -->
        <test-method signature="ClickBulkActionItem()[pri:9, instance:com.DevicesAndSearch.testcases.MultisenseSearchTest@7555b920]" started-at="2022-05-11T22:23:14 IST" name="ClickBulkActionItem" description=" Click Add criteria and Click Bulk Action  " finished-at="2022-05-11T22:23:22 IST" duration-ms="8068" status="PASS">
          <reporter-output>
            <line>
              <![CDATA[Starting testcase Perform Bulk Action<br/>]]>
            </line>
          </reporter-output>
        </test-method> <!-- ClickBulkActionItem -->
        <test-method signature="ClickCreateIssue()[pri:10, instance:com.DevicesAndSearch.testcases.MultisenseSearchTest@7555b920]" started-at="2022-05-11T22:23:22 IST" name="ClickCreateIssue" description=" Click BulkAction and Select Create Issue  " finished-at="2022-05-11T22:23:54 IST" duration-ms="31909" status="PASS">
          <reporter-output>
            <line>
              <![CDATA[Starting testcase Click Create Issue<br/>]]>
            </line>
          </reporter-output>
        </test-method> <!-- ClickCreateIssue -->
        <test-method signature="fillupIssueFormandFinish(java.lang.String,java.lang.String,java.lang.String)[pri:11, instance:com.DevicesAndSearch.testcases.MultisenseSearchTest@7555b920]" started-at="2022-05-11T22:23:54 IST" name="fillupIssueFormandFinish" description=" Fill Issue Form " data-provider="getTestDataForCreateIssue" finished-at="2022-05-11T22:24:37 IST" duration-ms="42109" status="PASS">
          <params>
            <param index="0">
              <value>
                <![CDATA[BulKIssueTest]]>
              </value>
            </param>
            <param index="1">
              <value>
                <![CDATA[35.0]]>
              </value>
            </param>
            <param index="2">
              <value>
                <![CDATA[5.0]]>
              </value>
            </param>
          </params>
          <reporter-output>
            <line>
              <![CDATA[Starting testcase Fill Issue Form And Confirm<br/>]]>
            </line>
          </reporter-output>
        </test-method> <!-- fillupIssueFormandFinish -->
        <test-method signature="ClickConfirmAndFinish(java.lang.String,java.lang.String,java.lang.String)[pri:12, instance:com.DevicesAndSearch.testcases.MultisenseSearchTest@7555b920]" started-at="2022-05-11T22:24:37 IST" name="ClickConfirmAndFinish" description="Confirm And Finsih" data-provider="getTestDataForCreateIssue" finished-at="2022-05-11T22:24:54 IST" duration-ms="16841" status="PASS">
          <params>
            <param index="0">
              <value>
                <![CDATA[BulKIssueTest]]>
              </value>
            </param>
            <param index="1">
              <value>
                <![CDATA[35.0]]>
              </value>
            </param>
            <param index="2">
              <value>
                <![CDATA[5.0]]>
              </value>
            </param>
          </params>
          <reporter-output>
            <line>
              <![CDATA[Starting testcase Click Confirm And Finish<br/>]]>
            </line>
          </reporter-output>
        </test-method> <!-- ClickConfirmAndFinish -->
        <test-method is-config="true" signature="tearDown()[pri:0, instance:com.DevicesAndSearch.testcases.MultisenseSearchTest@7555b920]" started-at="2022-05-11T22:24:55 IST" name="tearDown" finished-at="2022-05-11T22:25:01 IST" duration-ms="5744" status="PASS">
          <reporter-output>
          </reporter-output>
        </test-method> <!-- tearDown -->
      </class> <!-- com.DevicesAndSearch.testcases.MultisenseSearchTest -->
      <class name="com.multisense.testcases.EstimateRuleSetTest">
        <test-method is-config="true" signature="initialization(java.lang.String)[pri:0, instance:com.multisense.testcases.EstimateRuleSetTest@16fb356]" started-at="2022-05-11T22:07:53 IST" name="initialization" finished-at="2022-05-11T22:08:06 IST" duration-ms="13664" status="PASS">
          <params>
            <param index="0">
              <value>
                <![CDATA[chrome]]>
              </value>
            </param>
          </params>
          <reporter-output>
          </reporter-output>
        </test-method> <!-- initialization -->
        <test-method signature="clickAddEstimationRuleSet()[pri:1, instance:com.multisense.testcases.EstimateRuleSetTest@16fb356]" started-at="2022-05-11T22:08:06 IST" name="clickAddEstimationRuleSet" description="click Add Estimate Rule Set" finished-at="2022-05-11T22:09:33 IST" duration-ms="86703" status="PASS">
          <reporter-output>
            <line>
              <![CDATA[Starting Test case Click Estimation RuleSet Set<br/>]]>
            </line>
          </reporter-output>
        </test-method> <!-- clickAddEstimationRuleSet -->
        <test-method signature="createEstimationRuleset(java.lang.String,java.lang.String,java.lang.String,java.lang.String,java.lang.String,java.lang.String)[pri:2, instance:com.multisense.testcases.EstimateRuleSetTest@16fb356]" started-at="2022-05-11T22:09:33 IST" name="createEstimationRuleset" description="create Estimation Rule Set" data-provider="getTestDataForAddEstimationRuleSet" finished-at="2022-05-11T22:09:48 IST" duration-ms="14392" status="PASS">
          <params>
            <param index="0">
              <value>
                <![CDATA[20.30.4.2.4]]>
              </value>
            </param>
            <param index="1">
              <value>
                <![CDATA[20.30.4.2.3]]>
              </value>
            </param>
            <param index="2">
              <value>
                <![CDATA[Detector]]>
              </value>
            </param>
            <param index="3">
              <value>
                <![CDATA[Average with samples [STD]]]>
              </value>
            </param>
            <param index="4">
              <value>
                <![CDATA[Estimated by market rule 18]]>
              </value>
            </param>
            <param index="5">
              <value>
                <![CDATA[[15-minutes] Bulk Gas volume (L)]]>
              </value>
            </param>
          </params>
          <reporter-output>
            <line>
              <![CDATA[Starting Test case Create Estimation RuleSet Set<br/>]]>
            </line>
          </reporter-output>
        </test-method> <!-- createEstimationRuleset -->
        <test-method signature="clickOnEditEstimateRuleSet(java.lang.String,java.lang.String,java.lang.String,java.lang.String,java.lang.String,java.lang.String)[pri:3, instance:com.multisense.testcases.EstimateRuleSetTest@16fb356]" started-at="2022-05-11T22:09:48 IST" name="clickOnEditEstimateRuleSet" description="click on edit Estimation Rule Set" data-provider="getTestDataForAddEstimationRuleSet" finished-at="2022-05-11T22:10:04 IST" duration-ms="16047" status="PASS">
          <params>
            <param index="0">
              <value>
                <![CDATA[20.30.4.2.4]]>
              </value>
            </param>
            <param index="1">
              <value>
                <![CDATA[20.30.4.2.3]]>
              </value>
            </param>
            <param index="2">
              <value>
                <![CDATA[Detector]]>
              </value>
            </param>
            <param index="3">
              <value>
                <![CDATA[Average with samples [STD]]]>
              </value>
            </param>
            <param index="4">
              <value>
                <![CDATA[Estimated by market rule 18]]>
              </value>
            </param>
            <param index="5">
              <value>
                <![CDATA[[15-minutes] Bulk Gas volume (L)]]>
              </value>
            </param>
          </params>
          <reporter-output>
            <line>
              <![CDATA[Starting Test case Edit Estimation RuleSet Set<br/>]]>
            </line>
          </reporter-output>
        </test-method> <!-- clickOnEditEstimateRuleSet -->
        <test-method signature="ActivateEstimationRule()[pri:4, instance:com.multisense.testcases.EstimateRuleSetTest@16fb356]" started-at="2022-05-11T22:10:04 IST" name="ActivateEstimationRule" description="Activate Estimation Rule" finished-at="2022-05-11T22:10:11 IST" duration-ms="6690" status="PASS">
          <reporter-output>
            <line>
              <![CDATA[Activate Estimation Rule Set<br/>]]>
            </line>
          </reporter-output>
        </test-method> <!-- ActivateEstimationRule -->
        <test-method signature="DectivateEstimationRule()[pri:5, instance:com.multisense.testcases.EstimateRuleSetTest@16fb356]" started-at="2022-05-11T22:10:13 IST" name="DectivateEstimationRule" description="Deactivate Estimation Rule " finished-at="2022-05-11T22:10:18 IST" duration-ms="5090" status="PASS">
          <reporter-output>
            <line>
              <![CDATA[Deactivate Estimation Rule Set<br/>]]>
            </line>
          </reporter-output>
        </test-method> <!-- DectivateEstimationRule -->
        <test-method signature="EditEstimationRule()[pri:6, instance:com.multisense.testcases.EstimateRuleSetTest@16fb356]" started-at="2022-05-11T22:10:19 IST" name="EditEstimationRule" description="Edit Estimation Rule " finished-at="2022-05-11T22:10:38 IST" duration-ms="18620" status="PASS">
          <reporter-output>
            <line>
              <![CDATA[Edit Estimation Rule Set<br/>]]>
            </line>
          </reporter-output>
        </test-method> <!-- EditEstimationRule -->
        <test-method signature="RemoveEstimationRule()[pri:7, instance:com.multisense.testcases.EstimateRuleSetTest@16fb356]" started-at="2022-05-11T22:10:38 IST" name="RemoveEstimationRule" description="Remove Estimation Rule" finished-at="2022-05-11T22:10:44 IST" duration-ms="5712" status="PASS">
          <reporter-output>
            <line>
              <![CDATA[Remove Estimation Rule Set<br/>]]>
            </line>
          </reporter-output>
        </test-method> <!-- RemoveEstimationRule -->
        <test-method is-config="true" signature="tearDown()[pri:0, instance:com.multisense.testcases.EstimateRuleSetTest@16fb356]" started-at="2022-05-11T22:10:45 IST" name="tearDown" finished-at="2022-05-11T22:10:49 IST" duration-ms="4112" status="PASS">
          <reporter-output>
          </reporter-output>
        </test-method> <!-- tearDown -->
      </class> <!-- com.multisense.testcases.EstimateRuleSetTest -->
      <class name="com.Workspace.testcases.WorkspaceService_MyOpenIssuesTest">
        <test-method is-config="true" signature="initialization(java.lang.String)[pri:0, instance:com.Workspace.testcases.WorkspaceService_MyOpenIssuesTest@64f857e7]" started-at="2022-05-11T22:20:53 IST" name="initialization" finished-at="2022-05-11T22:21:02 IST" duration-ms="9044" status="PASS">
          <params>
            <param index="0">
              <value>
                <![CDATA[chrome]]>
              </value>
            </param>
          </params>
          <reporter-output>
          </reporter-output>
        </test-method> <!-- initialization -->
        <test-method signature="clickWorkspace()[pri:1, instance:com.Workspace.testcases.WorkspaceService_MyOpenIssuesTest@64f857e7]" started-at="2022-05-11T22:21:02 IST" name="clickWorkspace" description="Open and Verify my openIssue" finished-at="2022-05-11T22:22:37 IST" duration-ms="95530" status="PASS">
          <reporter-output>
            <line>
              <![CDATA[Staring testcase workspace my open Issues<br/>]]>
            </line>
          </reporter-output>
        </test-method> <!-- clickWorkspace -->
        <test-method signature="clickdropdownAndEnterValue()[pri:2, instance:com.Workspace.testcases.WorkspaceService_MyOpenIssuesTest@64f857e7]" started-at="2022-05-11T22:22:38 IST" name="clickdropdownAndEnterValue" description="Choose Value and enter my openissues" finished-at="2022-05-11T22:22:51 IST" duration-ms="13914" status="PASS">
          <reporter-output>
          </reporter-output>
        </test-method> <!-- clickdropdownAndEnterValue -->
        <test-method is-config="true" signature="tearDown()[pri:0, instance:com.Workspace.testcases.WorkspaceService_MyOpenIssuesTest@64f857e7]" started-at="2022-05-11T22:22:52 IST" name="tearDown" finished-at="2022-05-11T22:22:56 IST" duration-ms="4298" status="PASS">
          <reporter-output>
          </reporter-output>
        </test-method> <!-- tearDown -->
      </class> <!-- com.Workspace.testcases.WorkspaceService_MyOpenIssuesTest -->
      <class name="com.multisense.testcases.RegisterTypeTest">
        <test-method is-config="true" signature="initialization(java.lang.String)[pri:0, instance:com.multisense.testcases.RegisterTypeTest@e24ddd0]" started-at="2022-05-11T21:55:23 IST" name="initialization" finished-at="2022-05-11T21:56:42 IST" duration-ms="79101" status="PASS">
          <params>
            <param index="0">
              <value>
                <![CDATA[chrome]]>
              </value>
            </param>
          </params>
          <reporter-output>
          </reporter-output>
        </test-method> <!-- initialization -->
        <test-method signature="RegisterType()[pri:1, instance:com.multisense.testcases.RegisterTypeTest@e24ddd0]" started-at="2022-05-11T21:56:42 IST" name="RegisterType" description="Click Register Type " finished-at="2022-05-11T21:58:10 IST" duration-ms="87565" status="PASS">
          <reporter-output>
            <line>
              <![CDATA[Starting Testcase Register Type<br/>]]>
            </line>
          </reporter-output>
        </test-method> <!-- RegisterType -->
        <test-method signature="AddRegistertypebutton()[pri:2, instance:com.multisense.testcases.RegisterTypeTest@e24ddd0]" started-at="2022-05-11T21:58:10 IST" name="AddRegistertypebutton" description="Add Register Type button " finished-at="2022-05-11T21:58:12 IST" duration-ms="1812" status="PASS">
          <reporter-output>
            <line>
              <![CDATA[Starting Testcase Add Register Type<br/>]]>
            </line>
          </reporter-output>
        </test-method> <!-- AddRegistertypebutton -->
        <test-method signature="clicAddRegistertypename(java.lang.String,java.lang.String,java.lang.String)[pri:3, instance:com.multisense.testcases.RegisterTypeTest@e24ddd0]" started-at="2022-05-11T21:58:12 IST" name="clicAddRegistertypename" description="Click Add Register Type button " data-provider="getTestDataForRegisterType" finished-at="2022-05-11T21:58:17 IST" duration-ms="4694" status="PASS">
          <params>
            <param index="0">
              <value>
                <![CDATA[1.0.99.2.0.255]]>
              </value>
            </param>
            <param index="1">
              <value>
                <![CDATA[Bulk Billing water volume (L)]]>
              </value>
            </param>
            <param index="2">
              <value>
                <![CDATA[7.0.3.1.1.252]]>
              </value>
            </param>
          </params>
          <reporter-output>
            <line>
              <![CDATA[Starting Testcase Add Register Type name<br/>]]>
            </line>
          </reporter-output>
        </test-method> <!-- clicAddRegistertypename -->
        <test-method signature="editregistertype(java.lang.String,java.lang.String,java.lang.String)[pri:4, instance:com.multisense.testcases.RegisterTypeTest@e24ddd0]" started-at="2022-05-11T21:58:18 IST" name="editregistertype" description="Edit Register Type  " data-provider="getTestDataForRegisterType" finished-at="2022-05-11T21:58:31 IST" duration-ms="13680" status="PASS">
          <params>
            <param index="0">
              <value>
                <![CDATA[1.0.99.2.0.255]]>
              </value>
            </param>
            <param index="1">
              <value>
                <![CDATA[Bulk Billing water volume (L)]]>
              </value>
            </param>
            <param index="2">
              <value>
                <![CDATA[7.0.3.1.1.252]]>
              </value>
            </param>
          </params>
          <reporter-output>
            <line>
              <![CDATA[Starting Testcase Edit Register Type name<br/>]]>
            </line>
          </reporter-output>
        </test-method> <!-- editregistertype -->
        <test-method signature="removeRegistertype(java.lang.String,java.lang.String,java.lang.String)[pri:5, instance:com.multisense.testcases.RegisterTypeTest@e24ddd0]" started-at="2022-05-11T21:58:32 IST" name="removeRegistertype" description="Remove Register Type" data-provider="getTestDataForRegisterType" finished-at="2022-05-11T21:58:44 IST" duration-ms="12738" status="PASS">
          <params>
            <param index="0">
              <value>
                <![CDATA[1.0.99.2.0.255]]>
              </value>
            </param>
            <param index="1">
              <value>
                <![CDATA[Bulk Billing water volume (L)]]>
              </value>
            </param>
            <param index="2">
              <value>
                <![CDATA[7.0.3.1.1.252]]>
              </value>
            </param>
          </params>
          <reporter-output>
            <line>
              <![CDATA[Starting Testcase Remove Register Type name<br/>]]>
            </line>
          </reporter-output>
        </test-method> <!-- removeRegistertype -->
        <test-method is-config="true" signature="tearDown()[pri:0, instance:com.multisense.testcases.RegisterTypeTest@e24ddd0]" started-at="2022-05-11T21:58:45 IST" name="tearDown" finished-at="2022-05-11T21:58:49 IST" duration-ms="4293" status="PASS">
          <reporter-output>
          </reporter-output>
        </test-method> <!-- tearDown -->
      </class> <!-- com.multisense.testcases.RegisterTypeTest -->
    </test> <!-- Connexo_SmokeTest_Automation_Suite chrome -->
  </suite> <!-- Connexo_SmokeTest_Automation_Suite -->
</testng-results>
